{"timestamp":"2025-12-11T00:25:48.980Z","level":"INFO","message":"Logger initialized","data":{"logFile":"c:\\projects\\PentaVision\\CascadeProjects\\windsurf-project\\.vscode\\python-inheritance-navigator.log"}}
{"timestamp":"2025-12-11T00:26:13.862Z","level":"INFO","message":"Extension activating","data":{"extensionPath":"c:\\Users\\ThaliaMoonlight\\.windsurf\\extensions\\yonatan-nethanel.python-inheritance-navigator-0.1.0-universal"}}
{"timestamp":"2025-12-11T00:26:13.862Z","level":"WARN","message":"Python path is \"python\", changing to \"python3\"","data":{"originalPath":"python"}}
{"timestamp":"2025-12-11T00:26:13.862Z","level":"INFO","message":"Final Python path","data":{"pythonPath":"python3","isAbsolute":false,"exists":"N/A (will check at runtime)"}}
{"timestamp":"2025-12-11T00:26:13.863Z","level":"INFO","message":"Initializing components","data":{"workspaceRoot":"c:\\projects\\PentaVision\\CascadeProjects\\windsurf-project","pythonPath":"python3","extensionPath":"c:\\Users\\ThaliaMoonlight\\.windsurf\\extensions\\yonatan-nethanel.python-inheritance-navigator-0.1.0-universal","storagePath":"c:\\Users\\ThaliaMoonlight\\AppData\\Roaming\\Windsurf\\User\\globalStorage\\yonatan-nethanel.python-inheritance-navigator\\python-inheritance-navigator"}}
{"timestamp":"2025-12-11T00:26:13.868Z","level":"INFO","message":"Initializing inheritance index manager"}
{"timestamp":"2025-12-11T00:26:13.869Z","level":"DEBUG","message":"No saved index file found"}
{"timestamp":"2025-12-11T00:26:13.870Z","level":"INFO","message":"Starting indexing","data":{"scope":"workspace"}}
{"timestamp":"2025-12-11T00:26:13.870Z","level":"DEBUG","message":"Indexing entire workspace"}
{"timestamp":"2025-12-11T00:26:13.870Z","level":"INFO","message":"Starting workspace analysis","data":{"pythonPath":"python3","analyzerPath":"c:\\Users\\ThaliaMoonlight\\.windsurf\\extensions\\yonatan-nethanel.python-inheritance-navigator-0.1.0-universal\\python\\inheritance_analyzer.py","workspaceRoot":"c:\\projects\\PentaVision\\CascadeProjects\\windsurf-project"}}
{"timestamp":"2025-12-11T00:26:13.871Z","level":"WARN","message":"Using relative Python path (may fail if not in PATH)","data":{"pythonPath":"python3"}}
{"timestamp":"2025-12-11T00:26:13.871Z","level":"DEBUG","message":"Spawning Python process","data":{"command":"python3 c:\\Users\\ThaliaMoonlight\\.windsurf\\extensions\\yonatan-nethanel.python-inheritance-navigator-0.1.0-universal\\python\\inheritance_analyzer.py c:\\projects\\PentaVision\\CascadeProjects\\windsurf-project"}}
{"timestamp":"2025-12-11T00:26:16.797Z","level":"DEBUG","message":"Python process closed","data":{"code":9009,"stdoutLength":0,"stderrLength":177}}
{"timestamp":"2025-12-11T00:26:16.797Z","level":"ERROR","message":"Python analyzer failed","data":{"code":9009,"stderr":"Python was not found; run without arguments to install from the Microsoft Store, or disable this shortcut from Settings > Apps > Advanced app settings > App execution aliases.\r\n"}}
{"timestamp":"2025-12-11T00:26:16.798Z","level":"ERROR","message":"Failed to index workspace","data":{"message":"Python analyzer exited with code 9009: Python was not found; run without arguments to install from the Microsoft Store, or disable this shortcut from Settings > Apps > Advanced app settings > App execution aliases.\r\n","stack":"Error: Python analyzer exited with code 9009: Python was not found; run without arguments to install from the Microsoft Store, or disable this shortcut from Settings > Apps > Advanced app settings > App execution aliases.\r\n\n\tat ChildProcess.<anonymous> (c:\\Users\\ThaliaMoonlight\\.windsurf\\extensions\\yonatan-nethanel.python-inheritance-navigator-0.1.0-universal\\out\\analysis\\pythonClient.js:95:28)\n\tat ChildProcess.emit (node:events:519:28)\n\tat maybeClose (node:internal/child_process:1101:16)\n\tat Socket.<anonymous> (node:internal/child_process:456:11)\n\tat Socket.emit (node:events:519:28)\n\tat Pipe.<anonymous> (node:net:346:12)","name":"Error"}}
{"timestamp":"2025-12-11T00:26:16.798Z","level":"INFO","message":"Index initialization completed"}
{"timestamp":"2025-12-11T00:26:16.798Z","level":"INFO","message":"Showing completion notification","data":{"message":"Python Inheritance Navigator: Found inheritance relationships in 0 files","stats":{}}}
{"timestamp":"2025-12-11T00:26:16.802Z","level":"INFO","message":"Index initialization completed successfully"}
{"timestamp":"2025-12-11T00:26:20.850Z","level":"DEBUG","message":"Extracted class methods","data":{"file":"c:\\projects\\PentaVision\\CascadeProjects\\windsurf-project\\run.py","classes":[]}}
{"timestamp":"2025-12-11T00:26:52.573Z","level":"INFO","message":"CodeLens refreshed after indexing"}
{"timestamp":"2025-12-11T00:27:16.881Z","level":"DEBUG","message":"Extracted class methods","data":{"file":"c:\\projects\\PentaVision\\CascadeProjects\\windsurf-project\\run.py","classes":[]}}
{"timestamp":"2025-12-11T00:27:20.004Z","level":"DEBUG","message":"Extracted class methods","data":{"file":"c:\\projects\\PentaVision\\CascadeProjects\\windsurf-project\\run.py","classes":[]}}
{"timestamp":"2025-12-11T00:27:32.852Z","level":"DEBUG","message":"Extracted class methods","data":{"file":"c:\\projects\\PentaVision\\CascadeProjects\\windsurf-project\\run.py","classes":[]}}
{"timestamp":"2025-12-11T00:35:48.118Z","level":"DEBUG","message":"File changed, re-indexing","data":{"filePath":"c:\\projects\\PentaVision\\CascadeProjects\\windsurf-project\\app\\models.py"}}
{"timestamp":"2025-12-11T00:35:48.130Z","level":"DEBUG","message":"Analyzing single file","data":{"filePath":"c:\\projects\\PentaVision\\CascadeProjects\\windsurf-project\\app\\models.py"}}
{"timestamp":"2025-12-11T00:35:48.335Z","level":"DEBUG","message":"New file created, indexing","data":{"filePath":"c:\\projects\\PentaVision\\CascadeProjects\\windsurf-project\\app\\models.py"}}
{"timestamp":"2025-12-11T00:35:48.335Z","level":"DEBUG","message":"Analyzing single file","data":{"filePath":"c:\\projects\\PentaVision\\CascadeProjects\\windsurf-project\\app\\models.py"}}
{"timestamp":"2025-12-11T00:35:49.995Z","level":"ERROR","message":"Python analyzer failed for file","data":{"code":9009,"filePath":"c:\\projects\\PentaVision\\CascadeProjects\\windsurf-project\\app\\models.py","stderr":"Python was not found; run without arguments to install from the Microsoft Store, or disable this shortcut from Settings > Apps > Advanced app settings > App execution aliases.\r\n"}}
{"timestamp":"2025-12-11T00:35:49.996Z","level":"ERROR","message":"Failed to index new file","data":{"filePath":"c:\\projects\\PentaVision\\CascadeProjects\\windsurf-project\\app\\models.py","error":{}}}
{"timestamp":"2025-12-11T00:35:50.142Z","level":"ERROR","message":"Python analyzer failed for file","data":{"code":9009,"filePath":"c:\\projects\\PentaVision\\CascadeProjects\\windsurf-project\\app\\models.py","stderr":"Python was not found; run without arguments to install from the Microsoft Store, or disable this shortcut from Settings > Apps > Advanced app settings > App execution aliases.\r\n"}}
{"timestamp":"2025-12-11T00:35:50.143Z","level":"ERROR","message":"Failed to update index for file","data":{"filePath":"c:\\projects\\PentaVision\\CascadeProjects\\windsurf-project\\app\\models.py","error":{}}}
{"timestamp":"2025-12-11T01:24:43.105Z","level":"DEBUG","message":"File changed, re-indexing","data":{"filePath":"c:\\projects\\PentaVision\\CascadeProjects\\windsurf-project\\app\\auth.py"}}
{"timestamp":"2025-12-11T01:24:43.105Z","level":"DEBUG","message":"Analyzing single file","data":{"filePath":"c:\\projects\\PentaVision\\CascadeProjects\\windsurf-project\\app\\auth.py"}}
{"timestamp":"2025-12-11T01:24:47.594Z","level":"DEBUG","message":"New file created, indexing","data":{"filePath":"c:\\projects\\PentaVision\\CascadeProjects\\windsurf-project\\app\\auth.py"}}
{"timestamp":"2025-12-11T01:24:50.062Z","level":"DEBUG","message":"Analyzing single file","data":{"filePath":"c:\\projects\\PentaVision\\CascadeProjects\\windsurf-project\\app\\auth.py"}}
{"timestamp":"2025-12-11T01:24:50.227Z","level":"ERROR","message":"Python analyzer failed for file","data":{"code":9009,"filePath":"c:\\projects\\PentaVision\\CascadeProjects\\windsurf-project\\app\\auth.py","stderr":"Python was not found; run without arguments to install from the Microsoft Store, or disable this shortcut from Settings > Apps > Advanced app settings > App execution aliases.\r\n"}}
{"timestamp":"2025-12-11T01:24:50.227Z","level":"ERROR","message":"Failed to update index for file","data":{"filePath":"c:\\projects\\PentaVision\\CascadeProjects\\windsurf-project\\app\\auth.py","error":{}}}
{"timestamp":"2025-12-11T01:24:51.023Z","level":"ERROR","message":"Python analyzer failed for file","data":{"code":9009,"filePath":"c:\\projects\\PentaVision\\CascadeProjects\\windsurf-project\\app\\auth.py","stderr":"Python was not found; run without arguments to install from the Microsoft Store, or disable this shortcut from Settings > Apps > Advanced app settings > App execution aliases.\r\n"}}
{"timestamp":"2025-12-11T01:24:51.024Z","level":"ERROR","message":"Failed to index new file","data":{"filePath":"c:\\projects\\PentaVision\\CascadeProjects\\windsurf-project\\app\\auth.py","error":{}}}
{"timestamp":"2025-12-11T01:58:20.308Z","level":"DEBUG","message":"File changed, re-indexing","data":{"filePath":"c:\\projects\\PentaVision\\CascadeProjects\\windsurf-project\\app\\auth.py"}}
{"timestamp":"2025-12-11T01:58:20.308Z","level":"DEBUG","message":"Analyzing single file","data":{"filePath":"c:\\projects\\PentaVision\\CascadeProjects\\windsurf-project\\app\\auth.py"}}
{"timestamp":"2025-12-11T01:58:20.895Z","level":"DEBUG","message":"New file created, indexing","data":{"filePath":"c:\\projects\\PentaVision\\CascadeProjects\\windsurf-project\\app\\auth.py"}}
{"timestamp":"2025-12-11T01:58:20.895Z","level":"DEBUG","message":"Analyzing single file","data":{"filePath":"c:\\projects\\PentaVision\\CascadeProjects\\windsurf-project\\app\\auth.py"}}
{"timestamp":"2025-12-11T01:58:22.458Z","level":"ERROR","message":"Python analyzer failed for file","data":{"code":9009,"filePath":"c:\\projects\\PentaVision\\CascadeProjects\\windsurf-project\\app\\auth.py","stderr":"Python was not found; run without arguments to install from the Microsoft Store, or disable this shortcut from Settings > Apps > Advanced app settings > App execution aliases.\r\n"}}
{"timestamp":"2025-12-11T01:58:22.458Z","level":"ERROR","message":"Failed to index new file","data":{"filePath":"c:\\projects\\PentaVision\\CascadeProjects\\windsurf-project\\app\\auth.py","error":{}}}
{"timestamp":"2025-12-11T01:58:22.691Z","level":"ERROR","message":"Python analyzer failed for file","data":{"code":9009,"filePath":"c:\\projects\\PentaVision\\CascadeProjects\\windsurf-project\\app\\auth.py","stderr":"Python was not found; run without arguments to install from the Microsoft Store, or disable this shortcut from Settings > Apps > Advanced app settings > App execution aliases.\r\n"}}
{"timestamp":"2025-12-11T01:58:22.692Z","level":"ERROR","message":"Failed to update index for file","data":{"filePath":"c:\\projects\\PentaVision\\CascadeProjects\\windsurf-project\\app\\auth.py","error":{}}}
{"timestamp":"2025-12-11T02:00:42.434Z","level":"DEBUG","message":"File changed, re-indexing","data":{"filePath":"c:\\projects\\PentaVision\\CascadeProjects\\windsurf-project\\app\\auth.py"}}
{"timestamp":"2025-12-11T02:00:42.434Z","level":"DEBUG","message":"Analyzing single file","data":{"filePath":"c:\\projects\\PentaVision\\CascadeProjects\\windsurf-project\\app\\auth.py"}}
{"timestamp":"2025-12-11T02:00:42.536Z","level":"DEBUG","message":"New file created, indexing","data":{"filePath":"c:\\projects\\PentaVision\\CascadeProjects\\windsurf-project\\app\\auth.py"}}
{"timestamp":"2025-12-11T02:00:42.537Z","level":"DEBUG","message":"Analyzing single file","data":{"filePath":"c:\\projects\\PentaVision\\CascadeProjects\\windsurf-project\\app\\auth.py"}}
{"timestamp":"2025-12-11T02:00:43.210Z","level":"ERROR","message":"Python analyzer failed for file","data":{"code":9009,"filePath":"c:\\projects\\PentaVision\\CascadeProjects\\windsurf-project\\app\\auth.py","stderr":"Python was not found; run without arguments to install from the Microsoft Store, or disable this shortcut from Settings > Apps > Advanced app settings > App execution aliases.\r\n"}}
{"timestamp":"2025-12-11T02:00:43.210Z","level":"ERROR","message":"Failed to update index for file","data":{"filePath":"c:\\projects\\PentaVision\\CascadeProjects\\windsurf-project\\app\\auth.py","error":{}}}
{"timestamp":"2025-12-11T02:00:43.637Z","level":"ERROR","message":"Python analyzer failed for file","data":{"code":9009,"filePath":"c:\\projects\\PentaVision\\CascadeProjects\\windsurf-project\\app\\auth.py","stderr":"Python was not found; run without arguments to install from the Microsoft Store, or disable this shortcut from Settings > Apps > Advanced app settings > App execution aliases.\r\n"}}
{"timestamp":"2025-12-11T02:00:43.638Z","level":"ERROR","message":"Failed to index new file","data":{"filePath":"c:\\projects\\PentaVision\\CascadeProjects\\windsurf-project\\app\\auth.py","error":{}}}
{"timestamp":"2025-12-11T03:50:27.155Z","level":"DEBUG","message":"File changed, re-indexing","data":{"filePath":"c:\\projects\\PentaVision\\CascadeProjects\\windsurf-project\\app\\auth.py"}}
{"timestamp":"2025-12-11T03:50:27.171Z","level":"DEBUG","message":"Analyzing single file","data":{"filePath":"c:\\projects\\PentaVision\\CascadeProjects\\windsurf-project\\app\\auth.py"}}
{"timestamp":"2025-12-11T03:50:27.518Z","level":"DEBUG","message":"New file created, indexing","data":{"filePath":"c:\\projects\\PentaVision\\CascadeProjects\\windsurf-project\\app\\auth.py"}}
{"timestamp":"2025-12-11T03:50:27.518Z","level":"DEBUG","message":"Analyzing single file","data":{"filePath":"c:\\projects\\PentaVision\\CascadeProjects\\windsurf-project\\app\\auth.py"}}
{"timestamp":"2025-12-11T03:50:28.240Z","level":"ERROR","message":"Python analyzer failed for file","data":{"code":9009,"filePath":"c:\\projects\\PentaVision\\CascadeProjects\\windsurf-project\\app\\auth.py","stderr":"Python was not found; run without arguments to install from the Microsoft Store, or disable this shortcut from Settings > Apps > Advanced app settings > App execution aliases.\r\n"}}
{"timestamp":"2025-12-11T03:50:28.241Z","level":"ERROR","message":"Failed to update index for file","data":{"filePath":"c:\\projects\\PentaVision\\CascadeProjects\\windsurf-project\\app\\auth.py","error":{}}}
{"timestamp":"2025-12-11T03:50:28.302Z","level":"ERROR","message":"Python analyzer failed for file","data":{"code":9009,"filePath":"c:\\projects\\PentaVision\\CascadeProjects\\windsurf-project\\app\\auth.py","stderr":"Python was not found; run without arguments to install from the Microsoft Store, or disable this shortcut from Settings > Apps > Advanced app settings > App execution aliases.\r\n"}}
{"timestamp":"2025-12-11T03:50:28.302Z","level":"ERROR","message":"Failed to index new file","data":{"filePath":"c:\\projects\\PentaVision\\CascadeProjects\\windsurf-project\\app\\auth.py","error":{}}}
{"timestamp":"2025-12-11T03:50:52.950Z","level":"DEBUG","message":"File changed, re-indexing","data":{"filePath":"c:\\projects\\PentaVision\\CascadeProjects\\windsurf-project\\app\\auth.py"}}
{"timestamp":"2025-12-11T03:50:52.950Z","level":"DEBUG","message":"Analyzing single file","data":{"filePath":"c:\\projects\\PentaVision\\CascadeProjects\\windsurf-project\\app\\auth.py"}}
{"timestamp":"2025-12-11T03:50:53.392Z","level":"DEBUG","message":"New file created, indexing","data":{"filePath":"c:\\projects\\PentaVision\\CascadeProjects\\windsurf-project\\app\\auth.py"}}
{"timestamp":"2025-12-11T03:50:53.392Z","level":"DEBUG","message":"Analyzing single file","data":{"filePath":"c:\\projects\\PentaVision\\CascadeProjects\\windsurf-project\\app\\auth.py"}}
{"timestamp":"2025-12-11T03:50:54.508Z","level":"ERROR","message":"Python analyzer failed for file","data":{"code":9009,"filePath":"c:\\projects\\PentaVision\\CascadeProjects\\windsurf-project\\app\\auth.py","stderr":"Python was not found; run without arguments to install from the Microsoft Store, or disable this shortcut from Settings > Apps > Advanced app settings > App execution aliases.\r\n"}}
{"timestamp":"2025-12-11T03:50:54.508Z","level":"ERROR","message":"Failed to update index for file","data":{"filePath":"c:\\projects\\PentaVision\\CascadeProjects\\windsurf-project\\app\\auth.py","error":{}}}
{"timestamp":"2025-12-11T03:50:54.795Z","level":"ERROR","message":"Python analyzer failed for file","data":{"code":9009,"filePath":"c:\\projects\\PentaVision\\CascadeProjects\\windsurf-project\\app\\auth.py","stderr":"Python was not found; run without arguments to install from the Microsoft Store, or disable this shortcut from Settings > Apps > Advanced app settings > App execution aliases.\r\n"}}
{"timestamp":"2025-12-11T03:50:54.795Z","level":"ERROR","message":"Failed to index new file","data":{"filePath":"c:\\projects\\PentaVision\\CascadeProjects\\windsurf-project\\app\\auth.py","error":{}}}
{"timestamp":"2025-12-11T03:54:02.079Z","level":"DEBUG","message":"File changed, re-indexing","data":{"filePath":"c:\\projects\\PentaVision\\CascadeProjects\\windsurf-project\\app\\auth.py"}}
{"timestamp":"2025-12-11T03:54:02.080Z","level":"DEBUG","message":"Analyzing single file","data":{"filePath":"c:\\projects\\PentaVision\\CascadeProjects\\windsurf-project\\app\\auth.py"}}
{"timestamp":"2025-12-11T03:54:02.298Z","level":"DEBUG","message":"New file created, indexing","data":{"filePath":"c:\\projects\\PentaVision\\CascadeProjects\\windsurf-project\\app\\auth.py"}}
{"timestamp":"2025-12-11T03:54:02.298Z","level":"DEBUG","message":"Analyzing single file","data":{"filePath":"c:\\projects\\PentaVision\\CascadeProjects\\windsurf-project\\app\\auth.py"}}
{"timestamp":"2025-12-11T03:54:03.590Z","level":"ERROR","message":"Python analyzer failed for file","data":{"code":9009,"filePath":"c:\\projects\\PentaVision\\CascadeProjects\\windsurf-project\\app\\auth.py","stderr":"Python was not found; run without arguments to install from the Microsoft Store, or disable this shortcut from Settings > Apps > Advanced app settings > App execution aliases.\r\n"}}
{"timestamp":"2025-12-11T03:54:03.591Z","level":"ERROR","message":"Failed to update index for file","data":{"filePath":"c:\\projects\\PentaVision\\CascadeProjects\\windsurf-project\\app\\auth.py","error":{}}}
{"timestamp":"2025-12-11T03:54:03.766Z","level":"ERROR","message":"Python analyzer failed for file","data":{"code":9009,"filePath":"c:\\projects\\PentaVision\\CascadeProjects\\windsurf-project\\app\\auth.py","stderr":"Python was not found; run without arguments to install from the Microsoft Store, or disable this shortcut from Settings > Apps > Advanced app settings > App execution aliases.\r\n"}}
{"timestamp":"2025-12-11T03:54:03.767Z","level":"ERROR","message":"Failed to index new file","data":{"filePath":"c:\\projects\\PentaVision\\CascadeProjects\\windsurf-project\\app\\auth.py","error":{}}}
{"timestamp":"2025-12-11T03:54:35.318Z","level":"DEBUG","message":"File changed, re-indexing","data":{"filePath":"c:\\projects\\PentaVision\\CascadeProjects\\windsurf-project\\app\\auth.py"}}
{"timestamp":"2025-12-11T03:54:35.318Z","level":"DEBUG","message":"Analyzing single file","data":{"filePath":"c:\\projects\\PentaVision\\CascadeProjects\\windsurf-project\\app\\auth.py"}}
{"timestamp":"2025-12-11T03:54:35.618Z","level":"DEBUG","message":"New file created, indexing","data":{"filePath":"c:\\projects\\PentaVision\\CascadeProjects\\windsurf-project\\app\\auth.py"}}
{"timestamp":"2025-12-11T03:54:35.619Z","level":"DEBUG","message":"Analyzing single file","data":{"filePath":"c:\\projects\\PentaVision\\CascadeProjects\\windsurf-project\\app\\auth.py"}}
{"timestamp":"2025-12-11T03:54:36.394Z","level":"ERROR","message":"Python analyzer failed for file","data":{"code":9009,"filePath":"c:\\projects\\PentaVision\\CascadeProjects\\windsurf-project\\app\\auth.py","stderr":"Python was not found; run without arguments to install from the Microsoft Store, or disable this shortcut from Settings > Apps > Advanced app settings > App execution aliases.\r\n"}}
{"timestamp":"2025-12-11T03:54:36.394Z","level":"ERROR","message":"Failed to update index for file","data":{"filePath":"c:\\projects\\PentaVision\\CascadeProjects\\windsurf-project\\app\\auth.py","error":{}}}
{"timestamp":"2025-12-11T03:54:36.455Z","level":"ERROR","message":"Python analyzer failed for file","data":{"code":9009,"filePath":"c:\\projects\\PentaVision\\CascadeProjects\\windsurf-project\\app\\auth.py","stderr":"Python was not found; run without arguments to install from the Microsoft Store, or disable this shortcut from Settings > Apps > Advanced app settings > App execution aliases.\r\n"}}
{"timestamp":"2025-12-11T03:54:36.455Z","level":"ERROR","message":"Failed to index new file","data":{"filePath":"c:\\projects\\PentaVision\\CascadeProjects\\windsurf-project\\app\\auth.py","error":{}}}
{"timestamp":"2025-12-11T03:55:16.694Z","level":"DEBUG","message":"File changed, re-indexing","data":{"filePath":"c:\\projects\\PentaVision\\CascadeProjects\\windsurf-project\\app\\auth.py"}}
{"timestamp":"2025-12-11T03:55:16.695Z","level":"DEBUG","message":"Analyzing single file","data":{"filePath":"c:\\projects\\PentaVision\\CascadeProjects\\windsurf-project\\app\\auth.py"}}
{"timestamp":"2025-12-11T03:55:16.904Z","level":"DEBUG","message":"New file created, indexing","data":{"filePath":"c:\\projects\\PentaVision\\CascadeProjects\\windsurf-project\\app\\auth.py"}}
{"timestamp":"2025-12-11T03:55:16.905Z","level":"DEBUG","message":"Analyzing single file","data":{"filePath":"c:\\projects\\PentaVision\\CascadeProjects\\windsurf-project\\app\\auth.py"}}
{"timestamp":"2025-12-11T03:55:18.084Z","level":"ERROR","message":"Python analyzer failed for file","data":{"code":9009,"filePath":"c:\\projects\\PentaVision\\CascadeProjects\\windsurf-project\\app\\auth.py","stderr":"Python was not found; run without arguments to install from the Microsoft Store, or disable this shortcut from Settings > Apps > Advanced app settings > App execution aliases.\r\n"}}
{"timestamp":"2025-12-11T03:55:18.085Z","level":"ERROR","message":"Failed to update index for file","data":{"filePath":"c:\\projects\\PentaVision\\CascadeProjects\\windsurf-project\\app\\auth.py","error":{}}}
{"timestamp":"2025-12-11T03:55:18.129Z","level":"ERROR","message":"Python analyzer failed for file","data":{"code":9009,"filePath":"c:\\projects\\PentaVision\\CascadeProjects\\windsurf-project\\app\\auth.py","stderr":"Python was not found; run without arguments to install from the Microsoft Store, or disable this shortcut from Settings > Apps > Advanced app settings > App execution aliases.\r\n"}}
{"timestamp":"2025-12-11T03:55:18.129Z","level":"ERROR","message":"Failed to index new file","data":{"filePath":"c:\\projects\\PentaVision\\CascadeProjects\\windsurf-project\\app\\auth.py","error":{}}}
{"timestamp":"2025-12-11T04:02:43.538Z","level":"DEBUG","message":"File changed, re-indexing","data":{"filePath":"c:\\projects\\PentaVision\\CascadeProjects\\windsurf-project\\app\\auth.py"}}
{"timestamp":"2025-12-11T04:02:43.539Z","level":"DEBUG","message":"Analyzing single file","data":{"filePath":"c:\\projects\\PentaVision\\CascadeProjects\\windsurf-project\\app\\auth.py"}}
{"timestamp":"2025-12-11T04:02:43.841Z","level":"DEBUG","message":"New file created, indexing","data":{"filePath":"c:\\projects\\PentaVision\\CascadeProjects\\windsurf-project\\app\\auth.py"}}
{"timestamp":"2025-12-11T04:02:43.842Z","level":"DEBUG","message":"Analyzing single file","data":{"filePath":"c:\\projects\\PentaVision\\CascadeProjects\\windsurf-project\\app\\auth.py"}}
{"timestamp":"2025-12-11T04:02:44.978Z","level":"ERROR","message":"Python analyzer failed for file","data":{"code":9009,"filePath":"c:\\projects\\PentaVision\\CascadeProjects\\windsurf-project\\app\\auth.py","stderr":"Python was not found; run without arguments to install from the Microsoft Store, or disable this shortcut from Settings > Apps > Advanced app settings > App execution aliases.\r\n"}}
{"timestamp":"2025-12-11T04:02:44.979Z","level":"ERROR","message":"Failed to update index for file","data":{"filePath":"c:\\projects\\PentaVision\\CascadeProjects\\windsurf-project\\app\\auth.py","error":{}}}
{"timestamp":"2025-12-11T04:02:45.116Z","level":"ERROR","message":"Python analyzer failed for file","data":{"code":9009,"filePath":"c:\\projects\\PentaVision\\CascadeProjects\\windsurf-project\\app\\auth.py","stderr":"Python was not found; run without arguments to install from the Microsoft Store, or disable this shortcut from Settings > Apps > Advanced app settings > App execution aliases.\r\n"}}
{"timestamp":"2025-12-11T04:02:45.116Z","level":"ERROR","message":"Failed to index new file","data":{"filePath":"c:\\projects\\PentaVision\\CascadeProjects\\windsurf-project\\app\\auth.py","error":{}}}
{"timestamp":"2025-12-11T04:07:43.556Z","level":"DEBUG","message":"File changed, re-indexing","data":{"filePath":"c:\\projects\\PentaVision\\CascadeProjects\\windsurf-project\\app\\auth.py"}}
{"timestamp":"2025-12-11T04:07:43.556Z","level":"DEBUG","message":"Analyzing single file","data":{"filePath":"c:\\projects\\PentaVision\\CascadeProjects\\windsurf-project\\app\\auth.py"}}
{"timestamp":"2025-12-11T04:07:43.865Z","level":"DEBUG","message":"New file created, indexing","data":{"filePath":"c:\\projects\\PentaVision\\CascadeProjects\\windsurf-project\\app\\auth.py"}}
{"timestamp":"2025-12-11T04:07:43.865Z","level":"DEBUG","message":"Analyzing single file","data":{"filePath":"c:\\projects\\PentaVision\\CascadeProjects\\windsurf-project\\app\\auth.py"}}
{"timestamp":"2025-12-11T04:07:43.986Z","level":"DEBUG","message":"File changed, re-indexing","data":{"filePath":"c:\\projects\\PentaVision\\CascadeProjects\\windsurf-project\\app\\auth.py"}}
{"timestamp":"2025-12-11T04:07:43.986Z","level":"DEBUG","message":"Analyzing single file","data":{"filePath":"c:\\projects\\PentaVision\\CascadeProjects\\windsurf-project\\app\\auth.py"}}
{"timestamp":"2025-12-11T04:07:44.266Z","level":"DEBUG","message":"New file created, indexing","data":{"filePath":"c:\\projects\\PentaVision\\CascadeProjects\\windsurf-project\\app\\auth.py"}}
{"timestamp":"2025-12-11T04:07:44.266Z","level":"DEBUG","message":"Analyzing single file","data":{"filePath":"c:\\projects\\PentaVision\\CascadeProjects\\windsurf-project\\app\\auth.py"}}
{"timestamp":"2025-12-11T04:07:44.676Z","level":"ERROR","message":"Python analyzer failed for file","data":{"code":9009,"filePath":"c:\\projects\\PentaVision\\CascadeProjects\\windsurf-project\\app\\auth.py","stderr":"Python was not found; run without arguments to install from the Microsoft Store, or disable this shortcut from Settings > Apps > Advanced app settings > App execution aliases.\r\n"}}
{"timestamp":"2025-12-11T04:07:44.677Z","level":"ERROR","message":"Failed to update index for file","data":{"filePath":"c:\\projects\\PentaVision\\CascadeProjects\\windsurf-project\\app\\auth.py","error":{}}}
{"timestamp":"2025-12-11T04:07:45.026Z","level":"ERROR","message":"Python analyzer failed for file","data":{"code":9009,"filePath":"c:\\projects\\PentaVision\\CascadeProjects\\windsurf-project\\app\\auth.py","stderr":"Python was not found; run without arguments to install from the Microsoft Store, or disable this shortcut from Settings > Apps > Advanced app settings > App execution aliases.\r\n"}}
{"timestamp":"2025-12-11T04:07:45.027Z","level":"ERROR","message":"Failed to index new file","data":{"filePath":"c:\\projects\\PentaVision\\CascadeProjects\\windsurf-project\\app\\auth.py","error":{}}}
{"timestamp":"2025-12-11T04:07:46.110Z","level":"ERROR","message":"Python analyzer failed for file","data":{"code":9009,"filePath":"c:\\projects\\PentaVision\\CascadeProjects\\windsurf-project\\app\\auth.py","stderr":"Python was not found; run without arguments to install from the Microsoft Store, or disable this shortcut from Settings > Apps > Advanced app settings > App execution aliases.\r\n"}}
{"timestamp":"2025-12-11T04:07:46.111Z","level":"ERROR","message":"Failed to update index for file","data":{"filePath":"c:\\projects\\PentaVision\\CascadeProjects\\windsurf-project\\app\\auth.py","error":{}}}
{"timestamp":"2025-12-11T04:07:46.113Z","level":"ERROR","message":"Python analyzer failed for file","data":{"code":9009,"filePath":"c:\\projects\\PentaVision\\CascadeProjects\\windsurf-project\\app\\auth.py","stderr":"Python was not found; run without arguments to install from the Microsoft Store, or disable this shortcut from Settings > Apps > Advanced app settings > App execution aliases.\r\n"}}
{"timestamp":"2025-12-11T04:07:46.114Z","level":"ERROR","message":"Failed to index new file","data":{"filePath":"c:\\projects\\PentaVision\\CascadeProjects\\windsurf-project\\app\\auth.py","error":{}}}
{"timestamp":"2025-12-11T04:13:36.932Z","level":"DEBUG","message":"File changed, re-indexing","data":{"filePath":"c:\\projects\\PentaVision\\CascadeProjects\\windsurf-project\\app\\auth.py"}}
{"timestamp":"2025-12-11T04:13:36.932Z","level":"DEBUG","message":"Analyzing single file","data":{"filePath":"c:\\projects\\PentaVision\\CascadeProjects\\windsurf-project\\app\\auth.py"}}
{"timestamp":"2025-12-11T04:13:37.180Z","level":"DEBUG","message":"New file created, indexing","data":{"filePath":"c:\\projects\\PentaVision\\CascadeProjects\\windsurf-project\\app\\auth.py"}}
{"timestamp":"2025-12-11T04:13:37.180Z","level":"DEBUG","message":"Analyzing single file","data":{"filePath":"c:\\projects\\PentaVision\\CascadeProjects\\windsurf-project\\app\\auth.py"}}
{"timestamp":"2025-12-11T04:13:38.282Z","level":"ERROR","message":"Python analyzer failed for file","data":{"code":9009,"filePath":"c:\\projects\\PentaVision\\CascadeProjects\\windsurf-project\\app\\auth.py","stderr":"Python was not found; run without arguments to install from the Microsoft Store, or disable this shortcut from Settings > Apps > Advanced app settings > App execution aliases.\r\n"}}
{"timestamp":"2025-12-11T04:13:38.282Z","level":"ERROR","message":"Failed to update index for file","data":{"filePath":"c:\\projects\\PentaVision\\CascadeProjects\\windsurf-project\\app\\auth.py","error":{}}}
{"timestamp":"2025-12-11T04:13:38.730Z","level":"ERROR","message":"Python analyzer failed for file","data":{"code":9009,"filePath":"c:\\projects\\PentaVision\\CascadeProjects\\windsurf-project\\app\\auth.py","stderr":"Python was not found; run without arguments to install from the Microsoft Store, or disable this shortcut from Settings > Apps > Advanced app settings > App execution aliases.\r\n"}}
{"timestamp":"2025-12-11T04:13:38.731Z","level":"ERROR","message":"Failed to index new file","data":{"filePath":"c:\\projects\\PentaVision\\CascadeProjects\\windsurf-project\\app\\auth.py","error":{}}}
{"timestamp":"2025-12-11T04:14:21.625Z","level":"DEBUG","message":"File changed, re-indexing","data":{"filePath":"c:\\projects\\PentaVision\\CascadeProjects\\windsurf-project\\app\\auth.py"}}
{"timestamp":"2025-12-11T04:14:21.626Z","level":"DEBUG","message":"Analyzing single file","data":{"filePath":"c:\\projects\\PentaVision\\CascadeProjects\\windsurf-project\\app\\auth.py"}}
{"timestamp":"2025-12-11T04:14:21.809Z","level":"DEBUG","message":"New file created, indexing","data":{"filePath":"c:\\projects\\PentaVision\\CascadeProjects\\windsurf-project\\app\\auth.py"}}
{"timestamp":"2025-12-11T04:14:21.809Z","level":"DEBUG","message":"Analyzing single file","data":{"filePath":"c:\\projects\\PentaVision\\CascadeProjects\\windsurf-project\\app\\auth.py"}}
{"timestamp":"2025-12-11T04:14:22.400Z","level":"ERROR","message":"Python analyzer failed for file","data":{"code":9009,"filePath":"c:\\projects\\PentaVision\\CascadeProjects\\windsurf-project\\app\\auth.py","stderr":"Python was not found; run without arguments to install from the Microsoft Store, or disable this shortcut from Settings > Apps > Advanced app settings > App execution aliases.\r\n"}}
{"timestamp":"2025-12-11T04:14:22.400Z","level":"ERROR","message":"Failed to update index for file","data":{"filePath":"c:\\projects\\PentaVision\\CascadeProjects\\windsurf-project\\app\\auth.py","error":{}}}
{"timestamp":"2025-12-11T04:14:22.774Z","level":"ERROR","message":"Python analyzer failed for file","data":{"code":9009,"filePath":"c:\\projects\\PentaVision\\CascadeProjects\\windsurf-project\\app\\auth.py","stderr":"Python was not found; run without arguments to install from the Microsoft Store, or disable this shortcut from Settings > Apps > Advanced app settings > App execution aliases.\r\n"}}
{"timestamp":"2025-12-11T04:14:22.775Z","level":"ERROR","message":"Failed to index new file","data":{"filePath":"c:\\projects\\PentaVision\\CascadeProjects\\windsurf-project\\app\\auth.py","error":{}}}
{"timestamp":"2025-12-11T04:23:29.176Z","level":"DEBUG","message":"File changed, re-indexing","data":{"filePath":"c:\\projects\\PentaVision\\CascadeProjects\\windsurf-project\\app\\auth.py"}}
{"timestamp":"2025-12-11T04:23:29.176Z","level":"DEBUG","message":"Analyzing single file","data":{"filePath":"c:\\projects\\PentaVision\\CascadeProjects\\windsurf-project\\app\\auth.py"}}
{"timestamp":"2025-12-11T04:23:29.432Z","level":"DEBUG","message":"New file created, indexing","data":{"filePath":"c:\\projects\\PentaVision\\CascadeProjects\\windsurf-project\\app\\auth.py"}}
{"timestamp":"2025-12-11T04:23:29.432Z","level":"DEBUG","message":"Analyzing single file","data":{"filePath":"c:\\projects\\PentaVision\\CascadeProjects\\windsurf-project\\app\\auth.py"}}
{"timestamp":"2025-12-11T04:23:30.335Z","level":"ERROR","message":"Python analyzer failed for file","data":{"code":9009,"filePath":"c:\\projects\\PentaVision\\CascadeProjects\\windsurf-project\\app\\auth.py","stderr":"Python was not found; run without arguments to install from the Microsoft Store, or disable this shortcut from Settings > Apps > Advanced app settings > App execution aliases.\r\n"}}
{"timestamp":"2025-12-11T04:23:30.336Z","level":"ERROR","message":"Failed to index new file","data":{"filePath":"c:\\projects\\PentaVision\\CascadeProjects\\windsurf-project\\app\\auth.py","error":{}}}
{"timestamp":"2025-12-11T04:23:30.382Z","level":"ERROR","message":"Python analyzer failed for file","data":{"code":9009,"filePath":"c:\\projects\\PentaVision\\CascadeProjects\\windsurf-project\\app\\auth.py","stderr":"Python was not found; run without arguments to install from the Microsoft Store, or disable this shortcut from Settings > Apps > Advanced app settings > App execution aliases.\r\n"}}
{"timestamp":"2025-12-11T04:23:30.387Z","level":"ERROR","message":"Failed to update index for file","data":{"filePath":"c:\\projects\\PentaVision\\CascadeProjects\\windsurf-project\\app\\auth.py","error":{}}}
{"timestamp":"2025-12-11T04:26:35.628Z","level":"DEBUG","message":"File changed, re-indexing","data":{"filePath":"c:\\projects\\PentaVision\\CascadeProjects\\windsurf-project\\app\\auth.py"}}
{"timestamp":"2025-12-11T04:26:35.628Z","level":"DEBUG","message":"Analyzing single file","data":{"filePath":"c:\\projects\\PentaVision\\CascadeProjects\\windsurf-project\\app\\auth.py"}}
{"timestamp":"2025-12-11T04:26:35.864Z","level":"DEBUG","message":"New file created, indexing","data":{"filePath":"c:\\projects\\PentaVision\\CascadeProjects\\windsurf-project\\app\\auth.py"}}
{"timestamp":"2025-12-11T04:26:35.864Z","level":"DEBUG","message":"Analyzing single file","data":{"filePath":"c:\\projects\\PentaVision\\CascadeProjects\\windsurf-project\\app\\auth.py"}}
{"timestamp":"2025-12-11T04:26:36.904Z","level":"ERROR","message":"Python analyzer failed for file","data":{"code":9009,"filePath":"c:\\projects\\PentaVision\\CascadeProjects\\windsurf-project\\app\\auth.py","stderr":"Python was not found; run without arguments to install from the Microsoft Store, or disable this shortcut from Settings > Apps > Advanced app settings > App execution aliases.\r\n"}}
{"timestamp":"2025-12-11T04:26:36.905Z","level":"ERROR","message":"Failed to update index for file","data":{"filePath":"c:\\projects\\PentaVision\\CascadeProjects\\windsurf-project\\app\\auth.py","error":{}}}
{"timestamp":"2025-12-11T04:26:37.236Z","level":"ERROR","message":"Python analyzer failed for file","data":{"code":9009,"filePath":"c:\\projects\\PentaVision\\CascadeProjects\\windsurf-project\\app\\auth.py","stderr":"Python was not found; run without arguments to install from the Microsoft Store, or disable this shortcut from Settings > Apps > Advanced app settings > App execution aliases.\r\n"}}
{"timestamp":"2025-12-11T04:26:37.237Z","level":"ERROR","message":"Failed to index new file","data":{"filePath":"c:\\projects\\PentaVision\\CascadeProjects\\windsurf-project\\app\\auth.py","error":{}}}
{"timestamp":"2025-12-11T05:02:44.256Z","level":"DEBUG","message":"File changed, re-indexing","data":{"filePath":"c:\\projects\\PentaVision\\CascadeProjects\\windsurf-project\\app\\auth.py"}}
{"timestamp":"2025-12-11T05:02:44.256Z","level":"DEBUG","message":"Analyzing single file","data":{"filePath":"c:\\projects\\PentaVision\\CascadeProjects\\windsurf-project\\app\\auth.py"}}
{"timestamp":"2025-12-11T05:02:44.527Z","level":"DEBUG","message":"New file created, indexing","data":{"filePath":"c:\\projects\\PentaVision\\CascadeProjects\\windsurf-project\\app\\auth.py"}}
{"timestamp":"2025-12-11T05:02:44.527Z","level":"DEBUG","message":"Analyzing single file","data":{"filePath":"c:\\projects\\PentaVision\\CascadeProjects\\windsurf-project\\app\\auth.py"}}
{"timestamp":"2025-12-11T05:02:44.666Z","level":"DEBUG","message":"File changed, re-indexing","data":{"filePath":"c:\\projects\\PentaVision\\CascadeProjects\\windsurf-project\\app\\auth.py"}}
{"timestamp":"2025-12-11T05:02:44.666Z","level":"DEBUG","message":"Analyzing single file","data":{"filePath":"c:\\projects\\PentaVision\\CascadeProjects\\windsurf-project\\app\\auth.py"}}
{"timestamp":"2025-12-11T05:02:44.851Z","level":"DEBUG","message":"New file created, indexing","data":{"filePath":"c:\\projects\\PentaVision\\CascadeProjects\\windsurf-project\\app\\auth.py"}}
{"timestamp":"2025-12-11T05:02:44.851Z","level":"DEBUG","message":"Analyzing single file","data":{"filePath":"c:\\projects\\PentaVision\\CascadeProjects\\windsurf-project\\app\\auth.py"}}
{"timestamp":"2025-12-11T05:02:45.241Z","level":"ERROR","message":"Python analyzer failed for file","data":{"code":9009,"filePath":"c:\\projects\\PentaVision\\CascadeProjects\\windsurf-project\\app\\auth.py","stderr":"Python was not found; run without arguments to install from the Microsoft Store, or disable this shortcut from Settings > Apps > Advanced app settings > App execution aliases.\r\n"}}
{"timestamp":"2025-12-11T05:02:45.241Z","level":"ERROR","message":"Failed to update index for file","data":{"filePath":"c:\\projects\\PentaVision\\CascadeProjects\\windsurf-project\\app\\auth.py","error":{}}}
{"timestamp":"2025-12-11T05:02:45.308Z","level":"ERROR","message":"Python analyzer failed for file","data":{"code":9009,"filePath":"c:\\projects\\PentaVision\\CascadeProjects\\windsurf-project\\app\\auth.py","stderr":"Python was not found; run without arguments to install from the Microsoft Store, or disable this shortcut from Settings > Apps > Advanced app settings > App execution aliases.\r\n"}}
{"timestamp":"2025-12-11T05:02:45.308Z","level":"ERROR","message":"Failed to index new file","data":{"filePath":"c:\\projects\\PentaVision\\CascadeProjects\\windsurf-project\\app\\auth.py","error":{}}}
{"timestamp":"2025-12-11T05:02:45.487Z","level":"ERROR","message":"Python analyzer failed for file","data":{"code":9009,"filePath":"c:\\projects\\PentaVision\\CascadeProjects\\windsurf-project\\app\\auth.py","stderr":"Python was not found; run without arguments to install from the Microsoft Store, or disable this shortcut from Settings > Apps > Advanced app settings > App execution aliases.\r\n"}}
{"timestamp":"2025-12-11T05:02:45.487Z","level":"ERROR","message":"Failed to update index for file","data":{"filePath":"c:\\projects\\PentaVision\\CascadeProjects\\windsurf-project\\app\\auth.py","error":{}}}
{"timestamp":"2025-12-11T05:02:45.769Z","level":"ERROR","message":"Python analyzer failed for file","data":{"code":9009,"filePath":"c:\\projects\\PentaVision\\CascadeProjects\\windsurf-project\\app\\auth.py","stderr":"Python was not found; run without arguments to install from the Microsoft Store, or disable this shortcut from Settings > Apps > Advanced app settings > App execution aliases.\r\n"}}
{"timestamp":"2025-12-11T05:02:45.769Z","level":"ERROR","message":"Failed to index new file","data":{"filePath":"c:\\projects\\PentaVision\\CascadeProjects\\windsurf-project\\app\\auth.py","error":{}}}
{"timestamp":"2025-12-11T05:07:04.655Z","level":"DEBUG","message":"File changed, re-indexing","data":{"filePath":"c:\\projects\\PentaVision\\CascadeProjects\\windsurf-project\\app\\auth.py"}}
{"timestamp":"2025-12-11T05:07:04.655Z","level":"DEBUG","message":"Analyzing single file","data":{"filePath":"c:\\projects\\PentaVision\\CascadeProjects\\windsurf-project\\app\\auth.py"}}
{"timestamp":"2025-12-11T05:07:04.847Z","level":"DEBUG","message":"New file created, indexing","data":{"filePath":"c:\\projects\\PentaVision\\CascadeProjects\\windsurf-project\\app\\auth.py"}}
{"timestamp":"2025-12-11T05:07:04.847Z","level":"DEBUG","message":"Analyzing single file","data":{"filePath":"c:\\projects\\PentaVision\\CascadeProjects\\windsurf-project\\app\\auth.py"}}
{"timestamp":"2025-12-11T05:07:05.783Z","level":"ERROR","message":"Python analyzer failed for file","data":{"code":9009,"filePath":"c:\\projects\\PentaVision\\CascadeProjects\\windsurf-project\\app\\auth.py","stderr":"Python was not found; run without arguments to install from the Microsoft Store, or disable this shortcut from Settings > Apps > Advanced app settings > App execution aliases.\r\n"}}
{"timestamp":"2025-12-11T05:07:05.784Z","level":"ERROR","message":"Failed to update index for file","data":{"filePath":"c:\\projects\\PentaVision\\CascadeProjects\\windsurf-project\\app\\auth.py","error":{}}}
{"timestamp":"2025-12-11T05:07:06.116Z","level":"ERROR","message":"Python analyzer failed for file","data":{"code":9009,"filePath":"c:\\projects\\PentaVision\\CascadeProjects\\windsurf-project\\app\\auth.py","stderr":"Python was not found; run without arguments to install from the Microsoft Store, or disable this shortcut from Settings > Apps > Advanced app settings > App execution aliases.\r\n"}}
{"timestamp":"2025-12-11T05:07:06.116Z","level":"ERROR","message":"Failed to index new file","data":{"filePath":"c:\\projects\\PentaVision\\CascadeProjects\\windsurf-project\\app\\auth.py","error":{}}}
{"timestamp":"2025-12-11T05:13:25.586Z","level":"DEBUG","message":"File changed, re-indexing","data":{"filePath":"c:\\projects\\PentaVision\\CascadeProjects\\windsurf-project\\app\\auth.py"}}
{"timestamp":"2025-12-11T05:13:25.586Z","level":"DEBUG","message":"Analyzing single file","data":{"filePath":"c:\\projects\\PentaVision\\CascadeProjects\\windsurf-project\\app\\auth.py"}}
{"timestamp":"2025-12-11T05:13:26.061Z","level":"DEBUG","message":"New file created, indexing","data":{"filePath":"c:\\projects\\PentaVision\\CascadeProjects\\windsurf-project\\app\\auth.py"}}
{"timestamp":"2025-12-11T05:13:26.061Z","level":"DEBUG","message":"Analyzing single file","data":{"filePath":"c:\\projects\\PentaVision\\CascadeProjects\\windsurf-project\\app\\auth.py"}}
{"timestamp":"2025-12-11T05:13:27.035Z","level":"ERROR","message":"Python analyzer failed for file","data":{"code":9009,"filePath":"c:\\projects\\PentaVision\\CascadeProjects\\windsurf-project\\app\\auth.py","stderr":"Python was not found; run without arguments to install from the Microsoft Store, or disable this shortcut from Settings > Apps > Advanced app settings > App execution aliases.\r\n"}}
{"timestamp":"2025-12-11T05:13:27.035Z","level":"ERROR","message":"Failed to update index for file","data":{"filePath":"c:\\projects\\PentaVision\\CascadeProjects\\windsurf-project\\app\\auth.py","error":{}}}
{"timestamp":"2025-12-11T05:13:27.149Z","level":"ERROR","message":"Python analyzer failed for file","data":{"code":9009,"filePath":"c:\\projects\\PentaVision\\CascadeProjects\\windsurf-project\\app\\auth.py","stderr":"Python was not found; run without arguments to install from the Microsoft Store, or disable this shortcut from Settings > Apps > Advanced app settings > App execution aliases.\r\n"}}
{"timestamp":"2025-12-11T05:13:27.150Z","level":"ERROR","message":"Failed to index new file","data":{"filePath":"c:\\projects\\PentaVision\\CascadeProjects\\windsurf-project\\app\\auth.py","error":{}}}
{"timestamp":"2025-12-11T05:18:04.527Z","level":"DEBUG","message":"File changed, re-indexing","data":{"filePath":"c:\\projects\\PentaVision\\CascadeProjects\\windsurf-project\\app\\auth.py"}}
{"timestamp":"2025-12-11T05:18:04.527Z","level":"DEBUG","message":"Analyzing single file","data":{"filePath":"c:\\projects\\PentaVision\\CascadeProjects\\windsurf-project\\app\\auth.py"}}
{"timestamp":"2025-12-11T05:18:04.799Z","level":"DEBUG","message":"New file created, indexing","data":{"filePath":"c:\\projects\\PentaVision\\CascadeProjects\\windsurf-project\\app\\auth.py"}}
{"timestamp":"2025-12-11T05:18:04.799Z","level":"DEBUG","message":"Analyzing single file","data":{"filePath":"c:\\projects\\PentaVision\\CascadeProjects\\windsurf-project\\app\\auth.py"}}
{"timestamp":"2025-12-11T05:18:05.643Z","level":"ERROR","message":"Python analyzer failed for file","data":{"code":9009,"filePath":"c:\\projects\\PentaVision\\CascadeProjects\\windsurf-project\\app\\auth.py","stderr":"Python was not found; run without arguments to install from the Microsoft Store, or disable this shortcut from Settings > Apps > Advanced app settings > App execution aliases.\r\n"}}
{"timestamp":"2025-12-11T05:18:05.643Z","level":"ERROR","message":"Failed to update index for file","data":{"filePath":"c:\\projects\\PentaVision\\CascadeProjects\\windsurf-project\\app\\auth.py","error":{}}}
{"timestamp":"2025-12-11T05:18:05.754Z","level":"ERROR","message":"Python analyzer failed for file","data":{"code":9009,"filePath":"c:\\projects\\PentaVision\\CascadeProjects\\windsurf-project\\app\\auth.py","stderr":"Python was not found; run without arguments to install from the Microsoft Store, or disable this shortcut from Settings > Apps > Advanced app settings > App execution aliases.\r\n"}}
{"timestamp":"2025-12-11T05:18:05.754Z","level":"ERROR","message":"Failed to index new file","data":{"filePath":"c:\\projects\\PentaVision\\CascadeProjects\\windsurf-project\\app\\auth.py","error":{}}}
{"timestamp":"2025-12-11T05:33:31.513Z","level":"DEBUG","message":"File changed, re-indexing","data":{"filePath":"c:\\projects\\PentaVision\\CascadeProjects\\windsurf-project\\app\\auth.py"}}
{"timestamp":"2025-12-11T05:33:31.514Z","level":"DEBUG","message":"Analyzing single file","data":{"filePath":"c:\\projects\\PentaVision\\CascadeProjects\\windsurf-project\\app\\auth.py"}}
{"timestamp":"2025-12-11T05:33:31.832Z","level":"DEBUG","message":"New file created, indexing","data":{"filePath":"c:\\projects\\PentaVision\\CascadeProjects\\windsurf-project\\app\\auth.py"}}
{"timestamp":"2025-12-11T05:33:31.832Z","level":"DEBUG","message":"Analyzing single file","data":{"filePath":"c:\\projects\\PentaVision\\CascadeProjects\\windsurf-project\\app\\auth.py"}}
{"timestamp":"2025-12-11T05:33:33.096Z","level":"ERROR","message":"Python analyzer failed for file","data":{"code":9009,"filePath":"c:\\projects\\PentaVision\\CascadeProjects\\windsurf-project\\app\\auth.py","stderr":"Python was not found; run without arguments to install from the Microsoft Store, or disable this shortcut from Settings > Apps > Advanced app settings > App execution aliases.\r\n"}}
{"timestamp":"2025-12-11T05:33:33.096Z","level":"ERROR","message":"Failed to update index for file","data":{"filePath":"c:\\projects\\PentaVision\\CascadeProjects\\windsurf-project\\app\\auth.py","error":{}}}
{"timestamp":"2025-12-11T05:33:33.463Z","level":"ERROR","message":"Python analyzer failed for file","data":{"code":9009,"filePath":"c:\\projects\\PentaVision\\CascadeProjects\\windsurf-project\\app\\auth.py","stderr":"Python was not found; run without arguments to install from the Microsoft Store, or disable this shortcut from Settings > Apps > Advanced app settings > App execution aliases.\r\n"}}
{"timestamp":"2025-12-11T05:33:33.464Z","level":"ERROR","message":"Failed to index new file","data":{"filePath":"c:\\projects\\PentaVision\\CascadeProjects\\windsurf-project\\app\\auth.py","error":{}}}
{"timestamp":"2025-12-11T05:37:51.360Z","level":"DEBUG","message":"File changed, re-indexing","data":{"filePath":"c:\\projects\\PentaVision\\CascadeProjects\\windsurf-project\\app\\auth.py"}}
{"timestamp":"2025-12-11T05:37:51.361Z","level":"DEBUG","message":"Analyzing single file","data":{"filePath":"c:\\projects\\PentaVision\\CascadeProjects\\windsurf-project\\app\\auth.py"}}
{"timestamp":"2025-12-11T05:37:51.604Z","level":"DEBUG","message":"New file created, indexing","data":{"filePath":"c:\\projects\\PentaVision\\CascadeProjects\\windsurf-project\\app\\auth.py"}}
{"timestamp":"2025-12-11T05:37:51.604Z","level":"DEBUG","message":"Analyzing single file","data":{"filePath":"c:\\projects\\PentaVision\\CascadeProjects\\windsurf-project\\app\\auth.py"}}
{"timestamp":"2025-12-11T05:37:53.528Z","level":"ERROR","message":"Python analyzer failed for file","data":{"code":9009,"filePath":"c:\\projects\\PentaVision\\CascadeProjects\\windsurf-project\\app\\auth.py","stderr":"Python was not found; run without arguments to install from the Microsoft Store, or disable this shortcut from Settings > Apps > Advanced app settings > App execution aliases.\r\n"}}
{"timestamp":"2025-12-11T05:37:53.529Z","level":"ERROR","message":"Failed to update index for file","data":{"filePath":"c:\\projects\\PentaVision\\CascadeProjects\\windsurf-project\\app\\auth.py","error":{}}}
{"timestamp":"2025-12-11T05:37:54.161Z","level":"ERROR","message":"Python analyzer failed for file","data":{"code":9009,"filePath":"c:\\projects\\PentaVision\\CascadeProjects\\windsurf-project\\app\\auth.py","stderr":"Python was not found; run without arguments to install from the Microsoft Store, or disable this shortcut from Settings > Apps > Advanced app settings > App execution aliases.\r\n"}}
{"timestamp":"2025-12-11T05:37:54.161Z","level":"ERROR","message":"Failed to index new file","data":{"filePath":"c:\\projects\\PentaVision\\CascadeProjects\\windsurf-project\\app\\auth.py","error":{}}}
{"timestamp":"2025-12-11T06:11:46.428Z","level":"DEBUG","message":"File changed, re-indexing","data":{"filePath":"c:\\projects\\PentaVision\\CascadeProjects\\windsurf-project\\app\\auth.py"}}
{"timestamp":"2025-12-11T06:11:46.428Z","level":"DEBUG","message":"Analyzing single file","data":{"filePath":"c:\\projects\\PentaVision\\CascadeProjects\\windsurf-project\\app\\auth.py"}}
{"timestamp":"2025-12-11T06:11:46.679Z","level":"DEBUG","message":"New file created, indexing","data":{"filePath":"c:\\projects\\PentaVision\\CascadeProjects\\windsurf-project\\app\\auth.py"}}
{"timestamp":"2025-12-11T06:11:46.679Z","level":"DEBUG","message":"Analyzing single file","data":{"filePath":"c:\\projects\\PentaVision\\CascadeProjects\\windsurf-project\\app\\auth.py"}}
{"timestamp":"2025-12-11T06:11:47.698Z","level":"ERROR","message":"Python analyzer failed for file","data":{"code":9009,"filePath":"c:\\projects\\PentaVision\\CascadeProjects\\windsurf-project\\app\\auth.py","stderr":"Python was not found; run without arguments to install from the Microsoft Store, or disable this shortcut from Settings > Apps > Advanced app settings > App execution aliases.\r\n"}}
{"timestamp":"2025-12-11T06:11:47.699Z","level":"ERROR","message":"Failed to index new file","data":{"filePath":"c:\\projects\\PentaVision\\CascadeProjects\\windsurf-project\\app\\auth.py","error":{}}}
{"timestamp":"2025-12-11T06:11:47.748Z","level":"ERROR","message":"Python analyzer failed for file","data":{"code":9009,"filePath":"c:\\projects\\PentaVision\\CascadeProjects\\windsurf-project\\app\\auth.py","stderr":"Python was not found; run without arguments to install from the Microsoft Store, or disable this shortcut from Settings > Apps > Advanced app settings > App execution aliases.\r\n"}}
{"timestamp":"2025-12-11T06:11:47.748Z","level":"ERROR","message":"Failed to update index for file","data":{"filePath":"c:\\projects\\PentaVision\\CascadeProjects\\windsurf-project\\app\\auth.py","error":{}}}
{"timestamp":"2025-12-11T06:18:35.665Z","level":"DEBUG","message":"File changed, re-indexing","data":{"filePath":"c:\\projects\\PentaVision\\CascadeProjects\\windsurf-project\\app\\auth.py"}}
{"timestamp":"2025-12-11T06:18:35.665Z","level":"DEBUG","message":"Analyzing single file","data":{"filePath":"c:\\projects\\PentaVision\\CascadeProjects\\windsurf-project\\app\\auth.py"}}
{"timestamp":"2025-12-11T06:18:35.940Z","level":"DEBUG","message":"New file created, indexing","data":{"filePath":"c:\\projects\\PentaVision\\CascadeProjects\\windsurf-project\\app\\auth.py"}}
{"timestamp":"2025-12-11T06:18:35.940Z","level":"DEBUG","message":"Analyzing single file","data":{"filePath":"c:\\projects\\PentaVision\\CascadeProjects\\windsurf-project\\app\\auth.py"}}
{"timestamp":"2025-12-11T06:18:37.188Z","level":"ERROR","message":"Python analyzer failed for file","data":{"code":9009,"filePath":"c:\\projects\\PentaVision\\CascadeProjects\\windsurf-project\\app\\auth.py","stderr":"Python was not found; run without arguments to install from the Microsoft Store, or disable this shortcut from Settings > Apps > Advanced app settings > App execution aliases.\r\n"}}
{"timestamp":"2025-12-11T06:18:37.188Z","level":"ERROR","message":"Failed to index new file","data":{"filePath":"c:\\projects\\PentaVision\\CascadeProjects\\windsurf-project\\app\\auth.py","error":{}}}
{"timestamp":"2025-12-11T06:18:37.244Z","level":"ERROR","message":"Python analyzer failed for file","data":{"code":9009,"filePath":"c:\\projects\\PentaVision\\CascadeProjects\\windsurf-project\\app\\auth.py","stderr":"Python was not found; run without arguments to install from the Microsoft Store, or disable this shortcut from Settings > Apps > Advanced app settings > App execution aliases.\r\n"}}
{"timestamp":"2025-12-11T06:18:37.244Z","level":"ERROR","message":"Failed to update index for file","data":{"filePath":"c:\\projects\\PentaVision\\CascadeProjects\\windsurf-project\\app\\auth.py","error":{}}}
{"timestamp":"2025-12-11T06:21:25.235Z","level":"DEBUG","message":"File changed, re-indexing","data":{"filePath":"c:\\projects\\PentaVision\\CascadeProjects\\windsurf-project\\app\\auth.py"}}
{"timestamp":"2025-12-11T06:21:25.235Z","level":"DEBUG","message":"Analyzing single file","data":{"filePath":"c:\\projects\\PentaVision\\CascadeProjects\\windsurf-project\\app\\auth.py"}}
{"timestamp":"2025-12-11T06:21:25.306Z","level":"DEBUG","message":"New file created, indexing","data":{"filePath":"c:\\projects\\PentaVision\\CascadeProjects\\windsurf-project\\app\\auth.py"}}
{"timestamp":"2025-12-11T06:21:25.306Z","level":"DEBUG","message":"Analyzing single file","data":{"filePath":"c:\\projects\\PentaVision\\CascadeProjects\\windsurf-project\\app\\auth.py"}}
{"timestamp":"2025-12-11T06:21:26.008Z","level":"ERROR","message":"Python analyzer failed for file","data":{"code":9009,"filePath":"c:\\projects\\PentaVision\\CascadeProjects\\windsurf-project\\app\\auth.py","stderr":"Python was not found; run without arguments to install from the Microsoft Store, or disable this shortcut from Settings > Apps > Advanced app settings > App execution aliases.\r\n"}}
{"timestamp":"2025-12-11T06:21:26.009Z","level":"ERROR","message":"Failed to update index for file","data":{"filePath":"c:\\projects\\PentaVision\\CascadeProjects\\windsurf-project\\app\\auth.py","error":{}}}
{"timestamp":"2025-12-11T06:21:26.142Z","level":"ERROR","message":"Python analyzer failed for file","data":{"code":9009,"filePath":"c:\\projects\\PentaVision\\CascadeProjects\\windsurf-project\\app\\auth.py","stderr":"Python was not found; run without arguments to install from the Microsoft Store, or disable this shortcut from Settings > Apps > Advanced app settings > App execution aliases.\r\n"}}
{"timestamp":"2025-12-11T06:21:26.142Z","level":"ERROR","message":"Failed to index new file","data":{"filePath":"c:\\projects\\PentaVision\\CascadeProjects\\windsurf-project\\app\\auth.py","error":{}}}
{"timestamp":"2025-12-11T06:28:15.831Z","level":"DEBUG","message":"File changed, re-indexing","data":{"filePath":"c:\\projects\\PentaVision\\CascadeProjects\\windsurf-project\\app\\auth.py"}}
{"timestamp":"2025-12-11T06:28:15.831Z","level":"DEBUG","message":"Analyzing single file","data":{"filePath":"c:\\projects\\PentaVision\\CascadeProjects\\windsurf-project\\app\\auth.py"}}
{"timestamp":"2025-12-11T06:28:16.157Z","level":"DEBUG","message":"New file created, indexing","data":{"filePath":"c:\\projects\\PentaVision\\CascadeProjects\\windsurf-project\\app\\auth.py"}}
{"timestamp":"2025-12-11T06:28:16.157Z","level":"DEBUG","message":"Analyzing single file","data":{"filePath":"c:\\projects\\PentaVision\\CascadeProjects\\windsurf-project\\app\\auth.py"}}
{"timestamp":"2025-12-11T06:28:17.727Z","level":"ERROR","message":"Python analyzer failed for file","data":{"code":9009,"filePath":"c:\\projects\\PentaVision\\CascadeProjects\\windsurf-project\\app\\auth.py","stderr":"Python was not found; run without arguments to install from the Microsoft Store, or disable this shortcut from Settings > Apps > Advanced app settings > App execution aliases.\r\n"}}
{"timestamp":"2025-12-11T06:28:17.727Z","level":"ERROR","message":"Failed to update index for file","data":{"filePath":"c:\\projects\\PentaVision\\CascadeProjects\\windsurf-project\\app\\auth.py","error":{}}}
{"timestamp":"2025-12-11T06:28:17.828Z","level":"ERROR","message":"Python analyzer failed for file","data":{"code":9009,"filePath":"c:\\projects\\PentaVision\\CascadeProjects\\windsurf-project\\app\\auth.py","stderr":"Python was not found; run without arguments to install from the Microsoft Store, or disable this shortcut from Settings > Apps > Advanced app settings > App execution aliases.\r\n"}}
{"timestamp":"2025-12-11T06:28:17.829Z","level":"ERROR","message":"Failed to index new file","data":{"filePath":"c:\\projects\\PentaVision\\CascadeProjects\\windsurf-project\\app\\auth.py","error":{}}}
{"timestamp":"2025-12-11T06:38:45.285Z","level":"DEBUG","message":"File changed, re-indexing","data":{"filePath":"c:\\projects\\PentaVision\\CascadeProjects\\windsurf-project\\app\\auth.py"}}
{"timestamp":"2025-12-11T06:38:45.286Z","level":"DEBUG","message":"Analyzing single file","data":{"filePath":"c:\\projects\\PentaVision\\CascadeProjects\\windsurf-project\\app\\auth.py"}}
{"timestamp":"2025-12-11T06:38:45.618Z","level":"DEBUG","message":"New file created, indexing","data":{"filePath":"c:\\projects\\PentaVision\\CascadeProjects\\windsurf-project\\app\\auth.py"}}
{"timestamp":"2025-12-11T06:38:45.618Z","level":"DEBUG","message":"Analyzing single file","data":{"filePath":"c:\\projects\\PentaVision\\CascadeProjects\\windsurf-project\\app\\auth.py"}}
{"timestamp":"2025-12-11T06:38:46.571Z","level":"ERROR","message":"Python analyzer failed for file","data":{"code":9009,"filePath":"c:\\projects\\PentaVision\\CascadeProjects\\windsurf-project\\app\\auth.py","stderr":"Python was not found; run without arguments to install from the Microsoft Store, or disable this shortcut from Settings > Apps > Advanced app settings > App execution aliases.\r\n"}}
{"timestamp":"2025-12-11T06:38:46.571Z","level":"ERROR","message":"Failed to update index for file","data":{"filePath":"c:\\projects\\PentaVision\\CascadeProjects\\windsurf-project\\app\\auth.py","error":{}}}
{"timestamp":"2025-12-11T06:38:46.861Z","level":"ERROR","message":"Python analyzer failed for file","data":{"code":9009,"filePath":"c:\\projects\\PentaVision\\CascadeProjects\\windsurf-project\\app\\auth.py","stderr":"Python was not found; run without arguments to install from the Microsoft Store, or disable this shortcut from Settings > Apps > Advanced app settings > App execution aliases.\r\n"}}
{"timestamp":"2025-12-11T06:38:46.862Z","level":"ERROR","message":"Failed to index new file","data":{"filePath":"c:\\projects\\PentaVision\\CascadeProjects\\windsurf-project\\app\\auth.py","error":{}}}
{"timestamp":"2025-12-11T06:49:23.830Z","level":"DEBUG","message":"File changed, re-indexing","data":{"filePath":"c:\\projects\\PentaVision\\CascadeProjects\\windsurf-project\\app\\auth.py"}}
{"timestamp":"2025-12-11T06:49:23.830Z","level":"DEBUG","message":"Analyzing single file","data":{"filePath":"c:\\projects\\PentaVision\\CascadeProjects\\windsurf-project\\app\\auth.py"}}
{"timestamp":"2025-12-11T06:49:24.351Z","level":"DEBUG","message":"New file created, indexing","data":{"filePath":"c:\\projects\\PentaVision\\CascadeProjects\\windsurf-project\\app\\auth.py"}}
{"timestamp":"2025-12-11T06:49:24.352Z","level":"DEBUG","message":"Analyzing single file","data":{"filePath":"c:\\projects\\PentaVision\\CascadeProjects\\windsurf-project\\app\\auth.py"}}
{"timestamp":"2025-12-11T06:49:25.560Z","level":"ERROR","message":"Python analyzer failed for file","data":{"code":9009,"filePath":"c:\\projects\\PentaVision\\CascadeProjects\\windsurf-project\\app\\auth.py","stderr":"Python was not found; run without arguments to install from the Microsoft Store, or disable this shortcut from Settings > Apps > Advanced app settings > App execution aliases.\r\n"}}
{"timestamp":"2025-12-11T06:49:25.560Z","level":"ERROR","message":"Failed to update index for file","data":{"filePath":"c:\\projects\\PentaVision\\CascadeProjects\\windsurf-project\\app\\auth.py","error":{}}}
{"timestamp":"2025-12-11T06:49:25.668Z","level":"ERROR","message":"Python analyzer failed for file","data":{"code":9009,"filePath":"c:\\projects\\PentaVision\\CascadeProjects\\windsurf-project\\app\\auth.py","stderr":"Python was not found; run without arguments to install from the Microsoft Store, or disable this shortcut from Settings > Apps > Advanced app settings > App execution aliases.\r\n"}}
{"timestamp":"2025-12-11T06:49:25.669Z","level":"ERROR","message":"Failed to index new file","data":{"filePath":"c:\\projects\\PentaVision\\CascadeProjects\\windsurf-project\\app\\auth.py","error":{}}}
{"timestamp":"2025-12-11T07:21:15.382Z","level":"DEBUG","message":"File changed, re-indexing","data":{"filePath":"c:\\projects\\PentaVision\\CascadeProjects\\windsurf-project\\app\\auth.py"}}
{"timestamp":"2025-12-11T07:21:15.382Z","level":"DEBUG","message":"Analyzing single file","data":{"filePath":"c:\\projects\\PentaVision\\CascadeProjects\\windsurf-project\\app\\auth.py"}}
{"timestamp":"2025-12-11T07:21:15.573Z","level":"DEBUG","message":"New file created, indexing","data":{"filePath":"c:\\projects\\PentaVision\\CascadeProjects\\windsurf-project\\app\\auth.py"}}
{"timestamp":"2025-12-11T07:21:15.573Z","level":"DEBUG","message":"Analyzing single file","data":{"filePath":"c:\\projects\\PentaVision\\CascadeProjects\\windsurf-project\\app\\auth.py"}}
{"timestamp":"2025-12-11T07:21:16.470Z","level":"ERROR","message":"Python analyzer failed for file","data":{"code":9009,"filePath":"c:\\projects\\PentaVision\\CascadeProjects\\windsurf-project\\app\\auth.py","stderr":"Python was not found; run without arguments to install from the Microsoft Store, or disable this shortcut from Settings > Apps > Advanced app settings > App execution aliases.\r\n"}}
{"timestamp":"2025-12-11T07:21:16.470Z","level":"ERROR","message":"Failed to update index for file","data":{"filePath":"c:\\projects\\PentaVision\\CascadeProjects\\windsurf-project\\app\\auth.py","error":{}}}
{"timestamp":"2025-12-11T07:21:16.692Z","level":"ERROR","message":"Python analyzer failed for file","data":{"code":9009,"filePath":"c:\\projects\\PentaVision\\CascadeProjects\\windsurf-project\\app\\auth.py","stderr":"Python was not found; run without arguments to install from the Microsoft Store, or disable this shortcut from Settings > Apps > Advanced app settings > App execution aliases.\r\n"}}
{"timestamp":"2025-12-11T07:21:16.692Z","level":"ERROR","message":"Failed to index new file","data":{"filePath":"c:\\projects\\PentaVision\\CascadeProjects\\windsurf-project\\app\\auth.py","error":{}}}
{"timestamp":"2025-12-11T07:24:29.925Z","level":"DEBUG","message":"File changed, re-indexing","data":{"filePath":"c:\\projects\\PentaVision\\CascadeProjects\\windsurf-project\\app\\auth.py"}}
{"timestamp":"2025-12-11T07:24:29.926Z","level":"DEBUG","message":"Analyzing single file","data":{"filePath":"c:\\projects\\PentaVision\\CascadeProjects\\windsurf-project\\app\\auth.py"}}
{"timestamp":"2025-12-11T07:24:30.268Z","level":"DEBUG","message":"New file created, indexing","data":{"filePath":"c:\\projects\\PentaVision\\CascadeProjects\\windsurf-project\\app\\auth.py"}}
{"timestamp":"2025-12-11T07:24:30.269Z","level":"DEBUG","message":"Analyzing single file","data":{"filePath":"c:\\projects\\PentaVision\\CascadeProjects\\windsurf-project\\app\\auth.py"}}
{"timestamp":"2025-12-11T07:24:31.767Z","level":"ERROR","message":"Python analyzer failed for file","data":{"code":9009,"filePath":"c:\\projects\\PentaVision\\CascadeProjects\\windsurf-project\\app\\auth.py","stderr":"Python was not found; run without arguments to install from the Microsoft Store, or disable this shortcut from Settings > Apps > Advanced app settings > App execution aliases.\r\n"}}
{"timestamp":"2025-12-11T07:24:31.768Z","level":"ERROR","message":"Failed to update index for file","data":{"filePath":"c:\\projects\\PentaVision\\CascadeProjects\\windsurf-project\\app\\auth.py","error":{}}}
{"timestamp":"2025-12-11T07:24:31.998Z","level":"ERROR","message":"Python analyzer failed for file","data":{"code":9009,"filePath":"c:\\projects\\PentaVision\\CascadeProjects\\windsurf-project\\app\\auth.py","stderr":"Python was not found; run without arguments to install from the Microsoft Store, or disable this shortcut from Settings > Apps > Advanced app settings > App execution aliases.\r\n"}}
{"timestamp":"2025-12-11T07:24:31.999Z","level":"ERROR","message":"Failed to index new file","data":{"filePath":"c:\\projects\\PentaVision\\CascadeProjects\\windsurf-project\\app\\auth.py","error":{}}}
{"timestamp":"2025-12-11T07:26:36.565Z","level":"DEBUG","message":"File changed, re-indexing","data":{"filePath":"c:\\projects\\PentaVision\\CascadeProjects\\windsurf-project\\app\\auth.py"}}
{"timestamp":"2025-12-11T07:26:36.566Z","level":"DEBUG","message":"Analyzing single file","data":{"filePath":"c:\\projects\\PentaVision\\CascadeProjects\\windsurf-project\\app\\auth.py"}}
{"timestamp":"2025-12-11T07:26:36.651Z","level":"DEBUG","message":"New file created, indexing","data":{"filePath":"c:\\projects\\PentaVision\\CascadeProjects\\windsurf-project\\app\\auth.py"}}
{"timestamp":"2025-12-11T07:26:36.651Z","level":"DEBUG","message":"Analyzing single file","data":{"filePath":"c:\\projects\\PentaVision\\CascadeProjects\\windsurf-project\\app\\auth.py"}}
{"timestamp":"2025-12-11T07:26:37.509Z","level":"ERROR","message":"Python analyzer failed for file","data":{"code":9009,"filePath":"c:\\projects\\PentaVision\\CascadeProjects\\windsurf-project\\app\\auth.py","stderr":"Python was not found; run without arguments to install from the Microsoft Store, or disable this shortcut from Settings > Apps > Advanced app settings > App execution aliases.\r\n"}}
{"timestamp":"2025-12-11T07:26:37.510Z","level":"ERROR","message":"Failed to update index for file","data":{"filePath":"c:\\projects\\PentaVision\\CascadeProjects\\windsurf-project\\app\\auth.py","error":{}}}
{"timestamp":"2025-12-11T07:26:37.641Z","level":"ERROR","message":"Python analyzer failed for file","data":{"code":9009,"filePath":"c:\\projects\\PentaVision\\CascadeProjects\\windsurf-project\\app\\auth.py","stderr":"Python was not found; run without arguments to install from the Microsoft Store, or disable this shortcut from Settings > Apps > Advanced app settings > App execution aliases.\r\n"}}
{"timestamp":"2025-12-11T07:26:37.641Z","level":"ERROR","message":"Failed to index new file","data":{"filePath":"c:\\projects\\PentaVision\\CascadeProjects\\windsurf-project\\app\\auth.py","error":{}}}
{"timestamp":"2025-12-11T07:42:11.689Z","level":"DEBUG","message":"File changed, re-indexing","data":{"filePath":"c:\\projects\\PentaVision\\CascadeProjects\\windsurf-project\\app\\auth.py"}}
{"timestamp":"2025-12-11T07:42:11.689Z","level":"DEBUG","message":"Analyzing single file","data":{"filePath":"c:\\projects\\PentaVision\\CascadeProjects\\windsurf-project\\app\\auth.py"}}
{"timestamp":"2025-12-11T07:42:11.927Z","level":"DEBUG","message":"New file created, indexing","data":{"filePath":"c:\\projects\\PentaVision\\CascadeProjects\\windsurf-project\\app\\auth.py"}}
{"timestamp":"2025-12-11T07:42:11.927Z","level":"DEBUG","message":"Analyzing single file","data":{"filePath":"c:\\projects\\PentaVision\\CascadeProjects\\windsurf-project\\app\\auth.py"}}
{"timestamp":"2025-12-11T07:42:12.478Z","level":"ERROR","message":"Python analyzer failed for file","data":{"code":9009,"filePath":"c:\\projects\\PentaVision\\CascadeProjects\\windsurf-project\\app\\auth.py","stderr":"Python was not found; run without arguments to install from the Microsoft Store, or disable this shortcut from Settings > Apps > Advanced app settings > App execution aliases.\r\n"}}
{"timestamp":"2025-12-11T07:42:12.478Z","level":"ERROR","message":"Failed to update index for file","data":{"filePath":"c:\\projects\\PentaVision\\CascadeProjects\\windsurf-project\\app\\auth.py","error":{}}}
{"timestamp":"2025-12-11T07:42:12.530Z","level":"ERROR","message":"Python analyzer failed for file","data":{"code":9009,"filePath":"c:\\projects\\PentaVision\\CascadeProjects\\windsurf-project\\app\\auth.py","stderr":"Python was not found; run without arguments to install from the Microsoft Store, or disable this shortcut from Settings > Apps > Advanced app settings > App execution aliases.\r\n"}}
{"timestamp":"2025-12-11T07:42:12.530Z","level":"ERROR","message":"Failed to index new file","data":{"filePath":"c:\\projects\\PentaVision\\CascadeProjects\\windsurf-project\\app\\auth.py","error":{}}}
{"timestamp":"2025-12-11T07:45:22.806Z","level":"DEBUG","message":"File changed, re-indexing","data":{"filePath":"c:\\projects\\PentaVision\\CascadeProjects\\windsurf-project\\app\\auth.py"}}
{"timestamp":"2025-12-11T07:45:22.806Z","level":"DEBUG","message":"Analyzing single file","data":{"filePath":"c:\\projects\\PentaVision\\CascadeProjects\\windsurf-project\\app\\auth.py"}}
{"timestamp":"2025-12-11T07:45:23.252Z","level":"DEBUG","message":"New file created, indexing","data":{"filePath":"c:\\projects\\PentaVision\\CascadeProjects\\windsurf-project\\app\\auth.py"}}
{"timestamp":"2025-12-11T07:45:23.252Z","level":"DEBUG","message":"Analyzing single file","data":{"filePath":"c:\\projects\\PentaVision\\CascadeProjects\\windsurf-project\\app\\auth.py"}}
{"timestamp":"2025-12-11T07:45:24.116Z","level":"ERROR","message":"Python analyzer failed for file","data":{"code":9009,"filePath":"c:\\projects\\PentaVision\\CascadeProjects\\windsurf-project\\app\\auth.py","stderr":"Python was not found; run without arguments to install from the Microsoft Store, or disable this shortcut from Settings > Apps > Advanced app settings > App execution aliases.\r\n"}}
{"timestamp":"2025-12-11T07:45:24.116Z","level":"ERROR","message":"Failed to index new file","data":{"filePath":"c:\\projects\\PentaVision\\CascadeProjects\\windsurf-project\\app\\auth.py","error":{}}}
{"timestamp":"2025-12-11T07:45:24.123Z","level":"ERROR","message":"Python analyzer failed for file","data":{"code":9009,"filePath":"c:\\projects\\PentaVision\\CascadeProjects\\windsurf-project\\app\\auth.py","stderr":"Python was not found; run without arguments to install from the Microsoft Store, or disable this shortcut from Settings > Apps > Advanced app settings > App execution aliases.\r\n"}}
{"timestamp":"2025-12-11T07:45:24.124Z","level":"ERROR","message":"Failed to update index for file","data":{"filePath":"c:\\projects\\PentaVision\\CascadeProjects\\windsurf-project\\app\\auth.py","error":{}}}
{"timestamp":"2025-12-11T07:48:35.827Z","level":"DEBUG","message":"File changed, re-indexing","data":{"filePath":"c:\\projects\\PentaVision\\CascadeProjects\\windsurf-project\\app\\auth.py"}}
{"timestamp":"2025-12-11T07:48:35.827Z","level":"DEBUG","message":"Analyzing single file","data":{"filePath":"c:\\projects\\PentaVision\\CascadeProjects\\windsurf-project\\app\\auth.py"}}
{"timestamp":"2025-12-11T07:48:36.300Z","level":"DEBUG","message":"New file created, indexing","data":{"filePath":"c:\\projects\\PentaVision\\CascadeProjects\\windsurf-project\\app\\auth.py"}}
{"timestamp":"2025-12-11T07:48:36.300Z","level":"DEBUG","message":"Analyzing single file","data":{"filePath":"c:\\projects\\PentaVision\\CascadeProjects\\windsurf-project\\app\\auth.py"}}
{"timestamp":"2025-12-11T07:48:37.400Z","level":"ERROR","message":"Python analyzer failed for file","data":{"code":9009,"filePath":"c:\\projects\\PentaVision\\CascadeProjects\\windsurf-project\\app\\auth.py","stderr":"Python was not found; run without arguments to install from the Microsoft Store, or disable this shortcut from Settings > Apps > Advanced app settings > App execution aliases.\r\n"}}
{"timestamp":"2025-12-11T07:48:37.400Z","level":"ERROR","message":"Failed to update index for file","data":{"filePath":"c:\\projects\\PentaVision\\CascadeProjects\\windsurf-project\\app\\auth.py","error":{}}}
{"timestamp":"2025-12-11T07:48:37.689Z","level":"ERROR","message":"Python analyzer failed for file","data":{"code":9009,"filePath":"c:\\projects\\PentaVision\\CascadeProjects\\windsurf-project\\app\\auth.py","stderr":"Python was not found; run without arguments to install from the Microsoft Store, or disable this shortcut from Settings > Apps > Advanced app settings > App execution aliases.\r\n"}}
{"timestamp":"2025-12-11T07:48:37.689Z","level":"ERROR","message":"Failed to index new file","data":{"filePath":"c:\\projects\\PentaVision\\CascadeProjects\\windsurf-project\\app\\auth.py","error":{}}}
{"timestamp":"2025-12-11T07:49:38.929Z","level":"DEBUG","message":"File changed, re-indexing","data":{"filePath":"c:\\projects\\PentaVision\\CascadeProjects\\windsurf-project\\app\\auth.py"}}
{"timestamp":"2025-12-11T07:49:39.004Z","level":"DEBUG","message":"Analyzing single file","data":{"filePath":"c:\\projects\\PentaVision\\CascadeProjects\\windsurf-project\\app\\auth.py"}}
{"timestamp":"2025-12-11T07:49:39.282Z","level":"DEBUG","message":"New file created, indexing","data":{"filePath":"c:\\projects\\PentaVision\\CascadeProjects\\windsurf-project\\app\\auth.py"}}
{"timestamp":"2025-12-11T07:49:39.282Z","level":"DEBUG","message":"Analyzing single file","data":{"filePath":"c:\\projects\\PentaVision\\CascadeProjects\\windsurf-project\\app\\auth.py"}}
{"timestamp":"2025-12-11T07:49:40.080Z","level":"ERROR","message":"Python analyzer failed for file","data":{"code":9009,"filePath":"c:\\projects\\PentaVision\\CascadeProjects\\windsurf-project\\app\\auth.py","stderr":"Python was not found; run without arguments to install from the Microsoft Store, or disable this shortcut from Settings > Apps > Advanced app settings > App execution aliases.\r\n"}}
{"timestamp":"2025-12-11T07:49:40.080Z","level":"ERROR","message":"Failed to update index for file","data":{"filePath":"c:\\projects\\PentaVision\\CascadeProjects\\windsurf-project\\app\\auth.py","error":{}}}
{"timestamp":"2025-12-11T07:49:40.202Z","level":"ERROR","message":"Python analyzer failed for file","data":{"code":9009,"filePath":"c:\\projects\\PentaVision\\CascadeProjects\\windsurf-project\\app\\auth.py","stderr":"Python was not found; run without arguments to install from the Microsoft Store, or disable this shortcut from Settings > Apps > Advanced app settings > App execution aliases.\r\n"}}
{"timestamp":"2025-12-11T07:49:40.202Z","level":"ERROR","message":"Failed to index new file","data":{"filePath":"c:\\projects\\PentaVision\\CascadeProjects\\windsurf-project\\app\\auth.py","error":{}}}
{"timestamp":"2025-12-11T07:53:42.448Z","level":"DEBUG","message":"File changed, re-indexing","data":{"filePath":"c:\\projects\\PentaVision\\CascadeProjects\\windsurf-project\\app\\auth.py"}}
{"timestamp":"2025-12-11T07:53:42.449Z","level":"DEBUG","message":"Analyzing single file","data":{"filePath":"c:\\projects\\PentaVision\\CascadeProjects\\windsurf-project\\app\\auth.py"}}
{"timestamp":"2025-12-11T07:53:42.851Z","level":"DEBUG","message":"New file created, indexing","data":{"filePath":"c:\\projects\\PentaVision\\CascadeProjects\\windsurf-project\\app\\auth.py"}}
{"timestamp":"2025-12-11T07:53:42.852Z","level":"DEBUG","message":"Analyzing single file","data":{"filePath":"c:\\projects\\PentaVision\\CascadeProjects\\windsurf-project\\app\\auth.py"}}
{"timestamp":"2025-12-11T07:53:43.745Z","level":"ERROR","message":"Python analyzer failed for file","data":{"code":9009,"filePath":"c:\\projects\\PentaVision\\CascadeProjects\\windsurf-project\\app\\auth.py","stderr":"Python was not found; run without arguments to install from the Microsoft Store, or disable this shortcut from Settings > Apps > Advanced app settings > App execution aliases.\r\n"}}
{"timestamp":"2025-12-11T07:53:43.745Z","level":"ERROR","message":"Failed to update index for file","data":{"filePath":"c:\\projects\\PentaVision\\CascadeProjects\\windsurf-project\\app\\auth.py","error":{}}}
{"timestamp":"2025-12-11T07:53:44.015Z","level":"ERROR","message":"Python analyzer failed for file","data":{"code":9009,"filePath":"c:\\projects\\PentaVision\\CascadeProjects\\windsurf-project\\app\\auth.py","stderr":"Python was not found; run without arguments to install from the Microsoft Store, or disable this shortcut from Settings > Apps > Advanced app settings > App execution aliases.\r\n"}}
{"timestamp":"2025-12-11T07:53:44.015Z","level":"ERROR","message":"Failed to index new file","data":{"filePath":"c:\\projects\\PentaVision\\CascadeProjects\\windsurf-project\\app\\auth.py","error":{}}}
{"timestamp":"2025-12-11T07:58:36.097Z","level":"DEBUG","message":"File changed, re-indexing","data":{"filePath":"c:\\projects\\PentaVision\\CascadeProjects\\windsurf-project\\app\\auth.py"}}
{"timestamp":"2025-12-11T07:58:36.097Z","level":"DEBUG","message":"Analyzing single file","data":{"filePath":"c:\\projects\\PentaVision\\CascadeProjects\\windsurf-project\\app\\auth.py"}}
{"timestamp":"2025-12-11T07:58:36.355Z","level":"DEBUG","message":"New file created, indexing","data":{"filePath":"c:\\projects\\PentaVision\\CascadeProjects\\windsurf-project\\app\\auth.py"}}
{"timestamp":"2025-12-11T07:58:36.355Z","level":"DEBUG","message":"Analyzing single file","data":{"filePath":"c:\\projects\\PentaVision\\CascadeProjects\\windsurf-project\\app\\auth.py"}}
{"timestamp":"2025-12-11T07:58:37.308Z","level":"ERROR","message":"Python analyzer failed for file","data":{"code":9009,"filePath":"c:\\projects\\PentaVision\\CascadeProjects\\windsurf-project\\app\\auth.py","stderr":"Python was not found; run without arguments to install from the Microsoft Store, or disable this shortcut from Settings > Apps > Advanced app settings > App execution aliases.\r\n"}}
{"timestamp":"2025-12-11T07:58:37.308Z","level":"ERROR","message":"Failed to update index for file","data":{"filePath":"c:\\projects\\PentaVision\\CascadeProjects\\windsurf-project\\app\\auth.py","error":{}}}
{"timestamp":"2025-12-11T07:58:37.422Z","level":"ERROR","message":"Python analyzer failed for file","data":{"code":9009,"filePath":"c:\\projects\\PentaVision\\CascadeProjects\\windsurf-project\\app\\auth.py","stderr":"Python was not found; run without arguments to install from the Microsoft Store, or disable this shortcut from Settings > Apps > Advanced app settings > App execution aliases.\r\n"}}
{"timestamp":"2025-12-11T07:58:37.422Z","level":"ERROR","message":"Failed to index new file","data":{"filePath":"c:\\projects\\PentaVision\\CascadeProjects\\windsurf-project\\app\\auth.py","error":{}}}
{"timestamp":"2025-12-11T08:06:16.123Z","level":"DEBUG","message":"File changed, re-indexing","data":{"filePath":"c:\\projects\\PentaVision\\CascadeProjects\\windsurf-project\\app\\auth.py"}}
{"timestamp":"2025-12-11T08:06:16.123Z","level":"DEBUG","message":"Analyzing single file","data":{"filePath":"c:\\projects\\PentaVision\\CascadeProjects\\windsurf-project\\app\\auth.py"}}
{"timestamp":"2025-12-11T08:06:16.556Z","level":"DEBUG","message":"New file created, indexing","data":{"filePath":"c:\\projects\\PentaVision\\CascadeProjects\\windsurf-project\\app\\auth.py"}}
{"timestamp":"2025-12-11T08:06:16.556Z","level":"DEBUG","message":"Analyzing single file","data":{"filePath":"c:\\projects\\PentaVision\\CascadeProjects\\windsurf-project\\app\\auth.py"}}
{"timestamp":"2025-12-11T08:06:18.151Z","level":"ERROR","message":"Python analyzer failed for file","data":{"code":9009,"filePath":"c:\\projects\\PentaVision\\CascadeProjects\\windsurf-project\\app\\auth.py","stderr":"Python was not found; run without arguments to install from the Microsoft Store, or disable this shortcut from Settings > Apps > Advanced app settings > App execution aliases.\r\n"}}
{"timestamp":"2025-12-11T08:06:18.151Z","level":"ERROR","message":"Failed to update index for file","data":{"filePath":"c:\\projects\\PentaVision\\CascadeProjects\\windsurf-project\\app\\auth.py","error":{}}}
{"timestamp":"2025-12-11T08:06:18.152Z","level":"ERROR","message":"Python analyzer failed for file","data":{"code":9009,"filePath":"c:\\projects\\PentaVision\\CascadeProjects\\windsurf-project\\app\\auth.py","stderr":"Python was not found; run without arguments to install from the Microsoft Store, or disable this shortcut from Settings > Apps > Advanced app settings > App execution aliases.\r\n"}}
{"timestamp":"2025-12-11T08:06:18.152Z","level":"ERROR","message":"Failed to index new file","data":{"filePath":"c:\\projects\\PentaVision\\CascadeProjects\\windsurf-project\\app\\auth.py","error":{}}}
{"timestamp":"2025-12-11T08:12:33.689Z","level":"DEBUG","message":"File changed, re-indexing","data":{"filePath":"c:\\projects\\PentaVision\\CascadeProjects\\windsurf-project\\app\\logging_utils.py"}}
{"timestamp":"2025-12-11T08:12:33.690Z","level":"DEBUG","message":"Analyzing single file","data":{"filePath":"c:\\projects\\PentaVision\\CascadeProjects\\windsurf-project\\app\\logging_utils.py"}}
{"timestamp":"2025-12-11T08:12:34.163Z","level":"DEBUG","message":"New file created, indexing","data":{"filePath":"c:\\projects\\PentaVision\\CascadeProjects\\windsurf-project\\app\\logging_utils.py"}}
{"timestamp":"2025-12-11T08:12:34.164Z","level":"DEBUG","message":"Analyzing single file","data":{"filePath":"c:\\projects\\PentaVision\\CascadeProjects\\windsurf-project\\app\\logging_utils.py"}}
{"timestamp":"2025-12-11T08:12:35.362Z","level":"ERROR","message":"Python analyzer failed for file","data":{"code":9009,"filePath":"c:\\projects\\PentaVision\\CascadeProjects\\windsurf-project\\app\\logging_utils.py","stderr":"Python was not found; run without arguments to install from the Microsoft Store, or disable this shortcut from Settings > Apps > Advanced app settings > App execution aliases.\r\n"}}
{"timestamp":"2025-12-11T08:12:35.362Z","level":"ERROR","message":"Failed to update index for file","data":{"filePath":"c:\\projects\\PentaVision\\CascadeProjects\\windsurf-project\\app\\logging_utils.py","error":{}}}
{"timestamp":"2025-12-11T08:12:35.870Z","level":"ERROR","message":"Python analyzer failed for file","data":{"code":9009,"filePath":"c:\\projects\\PentaVision\\CascadeProjects\\windsurf-project\\app\\logging_utils.py","stderr":"Python was not found; run without arguments to install from the Microsoft Store, or disable this shortcut from Settings > Apps > Advanced app settings > App execution aliases.\r\n"}}
{"timestamp":"2025-12-11T08:12:35.870Z","level":"ERROR","message":"Failed to index new file","data":{"filePath":"c:\\projects\\PentaVision\\CascadeProjects\\windsurf-project\\app\\logging_utils.py","error":{}}}
{"timestamp":"2025-12-11T08:15:04.944Z","level":"DEBUG","message":"File changed, re-indexing","data":{"filePath":"c:\\projects\\PentaVision\\CascadeProjects\\windsurf-project\\app\\auth.py"}}
{"timestamp":"2025-12-11T08:15:04.945Z","level":"DEBUG","message":"Analyzing single file","data":{"filePath":"c:\\projects\\PentaVision\\CascadeProjects\\windsurf-project\\app\\auth.py"}}
{"timestamp":"2025-12-11T08:15:05.233Z","level":"DEBUG","message":"New file created, indexing","data":{"filePath":"c:\\projects\\PentaVision\\CascadeProjects\\windsurf-project\\app\\auth.py"}}
{"timestamp":"2025-12-11T08:15:05.233Z","level":"DEBUG","message":"Analyzing single file","data":{"filePath":"c:\\projects\\PentaVision\\CascadeProjects\\windsurf-project\\app\\auth.py"}}
{"timestamp":"2025-12-11T08:15:06.562Z","level":"ERROR","message":"Python analyzer failed for file","data":{"code":9009,"filePath":"c:\\projects\\PentaVision\\CascadeProjects\\windsurf-project\\app\\auth.py","stderr":"Python was not found; run without arguments to install from the Microsoft Store, or disable this shortcut from Settings > Apps > Advanced app settings > App execution aliases.\r\n"}}
{"timestamp":"2025-12-11T08:15:06.562Z","level":"ERROR","message":"Failed to index new file","data":{"filePath":"c:\\projects\\PentaVision\\CascadeProjects\\windsurf-project\\app\\auth.py","error":{}}}
{"timestamp":"2025-12-11T08:15:06.617Z","level":"ERROR","message":"Python analyzer failed for file","data":{"code":9009,"filePath":"c:\\projects\\PentaVision\\CascadeProjects\\windsurf-project\\app\\auth.py","stderr":"Python was not found; run without arguments to install from the Microsoft Store, or disable this shortcut from Settings > Apps > Advanced app settings > App execution aliases.\r\n"}}
{"timestamp":"2025-12-11T08:15:06.618Z","level":"ERROR","message":"Failed to update index for file","data":{"filePath":"c:\\projects\\PentaVision\\CascadeProjects\\windsurf-project\\app\\auth.py","error":{}}}
{"timestamp":"2025-12-11T08:25:50.000Z","level":"DEBUG","message":"File changed, re-indexing","data":{"filePath":"c:\\projects\\PentaVision\\CascadeProjects\\windsurf-project\\app\\models.py"}}
{"timestamp":"2025-12-11T08:25:50.001Z","level":"DEBUG","message":"Analyzing single file","data":{"filePath":"c:\\projects\\PentaVision\\CascadeProjects\\windsurf-project\\app\\models.py"}}
{"timestamp":"2025-12-11T08:25:50.533Z","level":"DEBUG","message":"New file created, indexing","data":{"filePath":"c:\\projects\\PentaVision\\CascadeProjects\\windsurf-project\\app\\models.py"}}
{"timestamp":"2025-12-11T08:25:50.533Z","level":"DEBUG","message":"Analyzing single file","data":{"filePath":"c:\\projects\\PentaVision\\CascadeProjects\\windsurf-project\\app\\models.py"}}
{"timestamp":"2025-12-11T08:25:51.606Z","level":"ERROR","message":"Python analyzer failed for file","data":{"code":9009,"filePath":"c:\\projects\\PentaVision\\CascadeProjects\\windsurf-project\\app\\models.py","stderr":"Python was not found; run without arguments to install from the Microsoft Store, or disable this shortcut from Settings > Apps > Advanced app settings > App execution aliases.\r\n"}}
{"timestamp":"2025-12-11T08:25:51.606Z","level":"ERROR","message":"Failed to update index for file","data":{"filePath":"c:\\projects\\PentaVision\\CascadeProjects\\windsurf-project\\app\\models.py","error":{}}}
{"timestamp":"2025-12-11T08:25:51.709Z","level":"ERROR","message":"Python analyzer failed for file","data":{"code":9009,"filePath":"c:\\projects\\PentaVision\\CascadeProjects\\windsurf-project\\app\\models.py","stderr":"Python was not found; run without arguments to install from the Microsoft Store, or disable this shortcut from Settings > Apps > Advanced app settings > App execution aliases.\r\n"}}
{"timestamp":"2025-12-11T08:25:51.710Z","level":"ERROR","message":"Failed to index new file","data":{"filePath":"c:\\projects\\PentaVision\\CascadeProjects\\windsurf-project\\app\\models.py","error":{}}}
{"timestamp":"2025-12-11T08:26:45.509Z","level":"DEBUG","message":"File changed, re-indexing","data":{"filePath":"c:\\projects\\PentaVision\\CascadeProjects\\windsurf-project\\app\\logging_utils.py"}}
{"timestamp":"2025-12-11T08:26:45.510Z","level":"DEBUG","message":"Analyzing single file","data":{"filePath":"c:\\projects\\PentaVision\\CascadeProjects\\windsurf-project\\app\\logging_utils.py"}}
{"timestamp":"2025-12-11T08:26:45.865Z","level":"DEBUG","message":"New file created, indexing","data":{"filePath":"c:\\projects\\PentaVision\\CascadeProjects\\windsurf-project\\app\\logging_utils.py"}}
{"timestamp":"2025-12-11T08:26:45.866Z","level":"DEBUG","message":"Analyzing single file","data":{"filePath":"c:\\projects\\PentaVision\\CascadeProjects\\windsurf-project\\app\\logging_utils.py"}}
{"timestamp":"2025-12-11T08:26:46.752Z","level":"ERROR","message":"Python analyzer failed for file","data":{"code":9009,"filePath":"c:\\projects\\PentaVision\\CascadeProjects\\windsurf-project\\app\\logging_utils.py","stderr":"Python was not found; run without arguments to install from the Microsoft Store, or disable this shortcut from Settings > Apps > Advanced app settings > App execution aliases.\r\n"}}
{"timestamp":"2025-12-11T08:26:46.753Z","level":"ERROR","message":"Failed to update index for file","data":{"filePath":"c:\\projects\\PentaVision\\CascadeProjects\\windsurf-project\\app\\logging_utils.py","error":{}}}
{"timestamp":"2025-12-11T08:26:47.218Z","level":"ERROR","message":"Python analyzer failed for file","data":{"code":9009,"filePath":"c:\\projects\\PentaVision\\CascadeProjects\\windsurf-project\\app\\logging_utils.py","stderr":"Python was not found; run without arguments to install from the Microsoft Store, or disable this shortcut from Settings > Apps > Advanced app settings > App execution aliases.\r\n"}}
{"timestamp":"2025-12-11T08:26:47.218Z","level":"ERROR","message":"Failed to index new file","data":{"filePath":"c:\\projects\\PentaVision\\CascadeProjects\\windsurf-project\\app\\logging_utils.py","error":{}}}
{"timestamp":"2025-12-11T19:23:57.442Z","level":"DEBUG","message":"File changed, re-indexing","data":{"filePath":"c:\\projects\\PentaVision\\CascadeProjects\\windsurf-project\\app\\admin.py"}}
{"timestamp":"2025-12-11T19:23:57.442Z","level":"DEBUG","message":"Analyzing single file","data":{"filePath":"c:\\projects\\PentaVision\\CascadeProjects\\windsurf-project\\app\\admin.py"}}
{"timestamp":"2025-12-11T19:23:58.077Z","level":"DEBUG","message":"New file created, indexing","data":{"filePath":"c:\\projects\\PentaVision\\CascadeProjects\\windsurf-project\\app\\admin.py"}}
{"timestamp":"2025-12-11T19:23:58.077Z","level":"DEBUG","message":"Analyzing single file","data":{"filePath":"c:\\projects\\PentaVision\\CascadeProjects\\windsurf-project\\app\\admin.py"}}
{"timestamp":"2025-12-11T19:24:00.094Z","level":"ERROR","message":"Python analyzer failed for file","data":{"code":9009,"filePath":"c:\\projects\\PentaVision\\CascadeProjects\\windsurf-project\\app\\admin.py","stderr":"Python was not found; run without arguments to install from the Microsoft Store, or disable this shortcut from Settings > Apps > Advanced app settings > App execution aliases.\r\n"}}
{"timestamp":"2025-12-11T19:24:00.094Z","level":"ERROR","message":"Failed to update index for file","data":{"filePath":"c:\\projects\\PentaVision\\CascadeProjects\\windsurf-project\\app\\admin.py","error":{}}}
{"timestamp":"2025-12-11T19:24:00.132Z","level":"ERROR","message":"Python analyzer failed for file","data":{"code":9009,"filePath":"c:\\projects\\PentaVision\\CascadeProjects\\windsurf-project\\app\\admin.py","stderr":"Python was not found; run without arguments to install from the Microsoft Store, or disable this shortcut from Settings > Apps > Advanced app settings > App execution aliases.\r\n"}}
{"timestamp":"2025-12-11T19:24:00.133Z","level":"ERROR","message":"Failed to index new file","data":{"filePath":"c:\\projects\\PentaVision\\CascadeProjects\\windsurf-project\\app\\admin.py","error":{}}}
{"timestamp":"2025-12-11T19:48:05.958Z","level":"DEBUG","message":"File changed, re-indexing","data":{"filePath":"c:\\projects\\PentaVision\\CascadeProjects\\windsurf-project\\app\\admin.py"}}
{"timestamp":"2025-12-11T19:48:05.958Z","level":"DEBUG","message":"Analyzing single file","data":{"filePath":"c:\\projects\\PentaVision\\CascadeProjects\\windsurf-project\\app\\admin.py"}}
{"timestamp":"2025-12-11T19:48:06.688Z","level":"DEBUG","message":"New file created, indexing","data":{"filePath":"c:\\projects\\PentaVision\\CascadeProjects\\windsurf-project\\app\\admin.py"}}
{"timestamp":"2025-12-11T19:48:06.688Z","level":"DEBUG","message":"Analyzing single file","data":{"filePath":"c:\\projects\\PentaVision\\CascadeProjects\\windsurf-project\\app\\admin.py"}}
{"timestamp":"2025-12-11T19:48:06.988Z","level":"DEBUG","message":"File changed, re-indexing","data":{"filePath":"c:\\projects\\PentaVision\\CascadeProjects\\windsurf-project\\app\\admin.py"}}
{"timestamp":"2025-12-11T19:48:06.988Z","level":"DEBUG","message":"Analyzing single file","data":{"filePath":"c:\\projects\\PentaVision\\CascadeProjects\\windsurf-project\\app\\admin.py"}}
{"timestamp":"2025-12-11T19:48:07.585Z","level":"DEBUG","message":"New file created, indexing","data":{"filePath":"c:\\projects\\PentaVision\\CascadeProjects\\windsurf-project\\app\\admin.py"}}
{"timestamp":"2025-12-11T19:48:07.586Z","level":"DEBUG","message":"Analyzing single file","data":{"filePath":"c:\\projects\\PentaVision\\CascadeProjects\\windsurf-project\\app\\admin.py"}}
{"timestamp":"2025-12-11T19:48:09.508Z","level":"ERROR","message":"Python analyzer failed for file","data":{"code":9009,"filePath":"c:\\projects\\PentaVision\\CascadeProjects\\windsurf-project\\app\\admin.py","stderr":"Python was not found; run without arguments to install from the Microsoft Store, or disable this shortcut from Settings > Apps > Advanced app settings > App execution aliases.\r\n"}}
{"timestamp":"2025-12-11T19:48:09.512Z","level":"ERROR","message":"Failed to update index for file","data":{"filePath":"c:\\projects\\PentaVision\\CascadeProjects\\windsurf-project\\app\\admin.py","error":{}}}
{"timestamp":"2025-12-11T19:48:09.523Z","level":"ERROR","message":"Python analyzer failed for file","data":{"code":9009,"filePath":"c:\\projects\\PentaVision\\CascadeProjects\\windsurf-project\\app\\admin.py","stderr":"Python was not found; run without arguments to install from the Microsoft Store, or disable this shortcut from Settings > Apps > Advanced app settings > App execution aliases.\r\n"}}
{"timestamp":"2025-12-11T19:48:09.523Z","level":"ERROR","message":"Failed to index new file","data":{"filePath":"c:\\projects\\PentaVision\\CascadeProjects\\windsurf-project\\app\\admin.py","error":{}}}
{"timestamp":"2025-12-11T19:48:09.669Z","level":"ERROR","message":"Python analyzer failed for file","data":{"code":9009,"filePath":"c:\\projects\\PentaVision\\CascadeProjects\\windsurf-project\\app\\admin.py","stderr":"Python was not found; run without arguments to install from the Microsoft Store, or disable this shortcut from Settings > Apps > Advanced app settings > App execution aliases.\r\n"}}
{"timestamp":"2025-12-11T19:48:09.669Z","level":"ERROR","message":"Failed to update index for file","data":{"filePath":"c:\\projects\\PentaVision\\CascadeProjects\\windsurf-project\\app\\admin.py","error":{}}}
{"timestamp":"2025-12-11T19:48:10.339Z","level":"ERROR","message":"Python analyzer failed for file","data":{"code":9009,"filePath":"c:\\projects\\PentaVision\\CascadeProjects\\windsurf-project\\app\\admin.py","stderr":"Python was not found; run without arguments to install from the Microsoft Store, or disable this shortcut from Settings > Apps > Advanced app settings > App execution aliases.\r\n"}}
{"timestamp":"2025-12-11T19:48:10.339Z","level":"ERROR","message":"Failed to index new file","data":{"filePath":"c:\\projects\\PentaVision\\CascadeProjects\\windsurf-project\\app\\admin.py","error":{}}}
